Gestartet durch Benutzer unknown or anonymous
Baue in Arbeitsbereich C:\Uni\SeminareProjekte\ContinuousIntegrationPerformanz(Bachelor)\Tool\CIRegressionTool\PluginPart\RegressionToolPlugin\work\workspace\TestProjekt
-----Starte RegressionTest-----
-----Erstelle Ordner fuer Basen-----
in C:\Uni\SeminareProjekte\ContinuousIntegrationPerformanz(Bachelor)\Tool\CIRegressionTool\PluginPart\RegressionToolPlugin\work\jobs\TestProjekt/basen
-----------------------------------
Erstelle Basen mit den Pfaden: 
Die Build Ordner mit den Result Dateien:restul
Der Ort an dem die Basen des Tests gespeichert werden:basen
Die maximale Schwankung wird als:50.0 festgelegt
Es werden die letzen 5 verwendet 
Mit einem Timerintervall von: 10.0 
-------------------------------------------
FATAL: Index 0 out of bounds for length 0
java.lang.IndexOutOfBoundsException: Index 0 out of bounds for length 0
	at java.base/jdk.internal.util.Preconditions.outOfBounds(Preconditions.java:64)
	at java.base/jdk.internal.util.Preconditions.outOfBoundsCheckIndex(Preconditions.java:70)
	at java.base/jdk.internal.util.Preconditions.checkIndex(Preconditions.java:248)
	at java.base/java.util.Objects.checkIndex(Objects.java:372)
	at java.base/java.util.ArrayList.get(ArrayList.java:458)
	at testRegression.ErstelleBasis.erstelleBasisOhneMessungen(ErstelleBasis.java:62)
	at io.jenkins.plugins.PluginMenueClass.setUp(PluginMenueClass.java:161)
	at hudson.model.Build$BuildExecution.doRun(Build.java:157)
	at hudson.model.AbstractBuild$AbstractBuildExecution.run(AbstractBuild.java:504)
	at hudson.model.Run.execute(Run.java:1816)
	at hudson.model.FreeStyleBuild.run(FreeStyleBuild.java:43)
	at hudson.model.ResourceController.execute(ResourceController.java:97)
	at hudson.model.Executor.run(Executor.java:429)
Finished: FAILURE
