<?xml version='1.1' encoding='UTF-8'?>
<result plugin="junit@1.28">
  <suites>
    <suite>
      <file>/var/lib/jenkins/workspace/EASy_Instantiation/junitResults/de.uni_hildesheim.sse.vil.rt.tests.AllTests.xml</file>
      <name>de.uni_hildesheim.sse.vil.rt.tests.AllTests</name>
      <stdout></stdout>
      <stderr></stderr>
      <duration>9.17</duration>
      <timestamp>2019-08-01T07:34:19</timestamp>
      <id>0</id>
      <time>9.17</time>
      <enclosingBlocks/>
      <enclosingBlockNames/>
      <cases>
        <case>
          <duration>0.277</duration>
          <className>de.uni_hildesheim.sse.vil.rt.tests.RampUpTest</className>
          <testName>rampUpTest</testName>
          <skipped>false</skipped>
          <failedSince>0</failedSince>
        </case>
        <case>
          <duration>0.07</duration>
          <className>de.uni_hildesheim.sse.vil.rt.tests.BasicRtTests</className>
          <testName>testTactic1</testName>
          <skipped>false</skipped>
          <failedSince>0</failedSince>
        </case>
        <case>
          <duration>0.018</duration>
          <className>de.uni_hildesheim.sse.vil.rt.tests.BasicRtTests</className>
          <testName>testTacticFail1</testName>
          <skipped>false</skipped>
          <failedSince>0</failedSince>
        </case>
        <case>
          <duration>0.006</duration>
          <className>de.uni_hildesheim.sse.vil.rt.tests.BasicRtTests</className>
          <testName>testTacticFail2</testName>
          <skipped>false</skipped>
          <failedSince>0</failedSince>
        </case>
        <case>
          <duration>0.003</duration>
          <className>de.uni_hildesheim.sse.vil.rt.tests.BasicRtTests</className>
          <testName>testEmpty</testName>
          <skipped>false</skipped>
          <failedSince>0</failedSince>
        </case>
        <case>
          <duration>0.034</duration>
          <className>de.uni_hildesheim.sse.vil.rt.tests.BasicRtTests</className>
          <testName>testFail1</testName>
          <skipped>false</skipped>
          <failedSince>0</failedSince>
        </case>
        <case>
          <duration>0.011</duration>
          <className>de.uni_hildesheim.sse.vil.rt.tests.BasicRtTests</className>
          <testName>testFail2</testName>
          <skipped>false</skipped>
          <failedSince>0</failedSince>
        </case>
        <case>
          <duration>0.038</duration>
          <className>de.uni_hildesheim.sse.vil.rt.tests.BasicRtTests</className>
          <testName>testStrategy1</testName>
          <skipped>false</skipped>
          <failedSince>0</failedSince>
        </case>
        <case>
          <duration>0.009</duration>
          <className>de.uni_hildesheim.sse.vil.rt.tests.BasicRtTests</className>
          <testName>testStrategyFail1</testName>
          <skipped>false</skipped>
          <failedSince>0</failedSince>
        </case>
        <case>
          <duration>0.007</duration>
          <className>de.uni_hildesheim.sse.vil.rt.tests.BasicRtTests</className>
          <testName>testStrategyFail2</testName>
          <skipped>false</skipped>
          <failedSince>0</failedSince>
        </case>
        <case>
          <duration>0.004</duration>
          <className>de.uni_hildesheim.sse.vil.rt.tests.BasicRtTests</className>
          <testName>testStrategyFail3</testName>
          <skipped>false</skipped>
          <failedSince>0</failedSince>
        </case>
        <case>
          <duration>0.011</duration>
          <className>de.uni_hildesheim.sse.vil.rt.tests.BasicRtTests</className>
          <testName>testStrategyFail4</testName>
          <skipped>false</skipped>
          <failedSince>0</failedSince>
        </case>
        <case>
          <duration>0.008</duration>
          <className>de.uni_hildesheim.sse.vil.rt.tests.BasicRtTests</className>
          <testName>testStrategyFail5</testName>
          <skipped>false</skipped>
          <failedSince>0</failedSince>
        </case>
        <case>
          <duration>0.013</duration>
          <className>de.uni_hildesheim.sse.vil.rt.tests.BasicRtTests</className>
          <testName>testStrategyFail6</testName>
          <skipped>false</skipped>
          <failedSince>0</failedSince>
        </case>
        <case>
          <duration>0.013</duration>
          <className>de.uni_hildesheim.sse.vil.rt.tests.BasicRtTests</className>
          <testName>testStrategyFail7</testName>
          <skipped>false</skipped>
          <failedSince>0</failedSince>
        </case>
        <case>
          <duration>0.012</duration>
          <className>de.uni_hildesheim.sse.vil.rt.tests.BasicRtTests</className>
          <testName>testStrategyFail8</testName>
          <skipped>false</skipped>
          <failedSince>0</failedSince>
        </case>
        <case>
          <duration>0.005</duration>
          <className>de.uni_hildesheim.sse.vil.rt.tests.BasicRtTests</className>
          <testName>testTypedRule</testName>
          <skipped>false</skipped>
          <failedSince>0</failedSince>
        </case>
        <case>
          <duration>0.007</duration>
          <className>de.uni_hildesheim.sse.vil.rt.tests.BasicRtTests</className>
          <testName>testImport1</testName>
          <skipped>false</skipped>
          <failedSince>0</failedSince>
        </case>
        <case>
          <duration>0.013</duration>
          <className>de.uni_hildesheim.sse.vil.rt.tests.BasicRtTests</className>
          <testName>testImport2</testName>
          <skipped>false</skipped>
          <failedSince>0</failedSince>
        </case>
        <case>
          <duration>0.182</duration>
          <className>de.uni_hildesheim.sse.vil.rt.tests.ExecutionRtTests</className>
          <testName>testSubstrategy</testName>
          <skipped>false</skipped>
          <failedSince>0</failedSince>
        </case>
        <case>
          <duration>0.055</duration>
          <className>de.uni_hildesheim.sse.vil.rt.tests.ExecutionRtTests</className>
          <testName>testTimeout</testName>
          <skipped>false</skipped>
          <failedSince>0</failedSince>
        </case>
        <case>
          <duration>0.298</duration>
          <className>de.uni_hildesheim.sse.vil.rt.tests.ExecutionRtTests</className>
          <testName>testParameter</testName>
          <skipped>false</skipped>
          <failedSince>0</failedSince>
        </case>
        <case>
          <duration>0.031</duration>
          <className>de.uni_hildesheim.sse.vil.rt.tests.ExecutionRtTests</className>
          <testName>testAdd</testName>
          <skipped>false</skipped>
          <failedSince>0</failedSince>
        </case>
        <case>
          <duration>0.065</duration>
          <className>de.uni_hildesheim.sse.vil.rt.tests.ExecutionRtTests</className>
          <testName>testTimeout1</testName>
          <skipped>false</skipped>
          <failedSince>0</failedSince>
        </case>
        <case>
          <duration>0.072</duration>
          <className>de.uni_hildesheim.sse.vil.rt.tests.ExecutionRtTests</className>
          <testName>testClear</testName>
          <skipped>false</skipped>
          <failedSince>0</failedSince>
        </case>
        <case>
          <duration>0.016</duration>
          <className>de.uni_hildesheim.sse.vil.rt.tests.ExecutionRtTests</className>
          <testName>testEmpty</testName>
          <skipped>false</skipped>
          <failedSince>0</failedSince>
        </case>
        <case>
          <duration>0.014</duration>
          <className>de.uni_hildesheim.sse.vil.rt.tests.ExecutionRtTests</className>
          <testName>testFail1</testName>
          <skipped>false</skipped>
          <failedSince>0</failedSince>
        </case>
        <case>
          <duration>0.029</duration>
          <className>de.uni_hildesheim.sse.vil.rt.tests.ExecutionRtTests</className>
          <testName>testFail2</testName>
          <skipped>false</skipped>
          <failedSince>0</failedSince>
        </case>
        <case>
          <duration>0.019</duration>
          <className>de.uni_hildesheim.sse.vil.rt.tests.ExecutionRtTests</className>
          <testName>testFail3</testName>
          <skipped>false</skipped>
          <failedSince>0</failedSince>
        </case>
        <case>
          <duration>0.024</duration>
          <className>de.uni_hildesheim.sse.vil.rt.tests.ExecutionRtTests</className>
          <testName>testFail4</testName>
          <skipped>false</skipped>
          <failedSince>0</failedSince>
        </case>
        <case>
          <duration>0.046</duration>
          <className>de.uni_hildesheim.sse.vil.rt.tests.ExecutionRtTests</className>
          <testName>testFail5</testName>
          <skipped>false</skipped>
          <failedSince>0</failedSince>
        </case>
        <case>
          <duration>0.049</duration>
          <className>de.uni_hildesheim.sse.vil.rt.tests.ExecutionRtTests</className>
          <testName>testFail6</testName>
          <skipped>false</skipped>
          <failedSince>0</failedSince>
        </case>
        <case>
          <duration>0.025</duration>
          <className>de.uni_hildesheim.sse.vil.rt.tests.ExecutionRtTests</className>
          <testName>testTypes</testName>
          <skipped>false</skipped>
          <failedSince>0</failedSince>
        </case>
        <case>
          <duration>0.122</duration>
          <className>de.uni_hildesheim.sse.vil.rt.tests.ExecutionRtTests</className>
          <testName>testCall</testName>
          <skipped>false</skipped>
          <failedSince>0</failedSince>
        </case>
        <case>
          <duration>0.12</duration>
          <className>de.uni_hildesheim.sse.vil.rt.tests.ExecutionRtTests</className>
          <testName>testReferences2</testName>
          <skipped>false</skipped>
          <failedSince>0</failedSince>
        </case>
        <case>
          <duration>0.055</duration>
          <className>de.uni_hildesheim.sse.vil.rt.tests.ExecutionRtTests</className>
          <testName>testReferences3</testName>
          <skipped>false</skipped>
          <failedSince>0</failedSince>
        </case>
        <case>
          <duration>0.055</duration>
          <className>de.uni_hildesheim.sse.vil.rt.tests.ExecutionRtTests</className>
          <testName>testParameter2</testName>
          <skipped>false</skipped>
          <failedSince>0</failedSince>
        </case>
        <case>
          <duration>0.02</duration>
          <className>de.uni_hildesheim.sse.vil.rt.tests.ExecutionRtTests</className>
          <testName>testTactics1</testName>
          <skipped>false</skipped>
          <failedSince>0</failedSince>
        </case>
        <case>
          <duration>0.039</duration>
          <className>de.uni_hildesheim.sse.vil.rt.tests.ExecutionRtTests</className>
          <testName>testTactics2</testName>
          <skipped>false</skipped>
          <failedSince>0</failedSince>
        </case>
        <case>
          <duration>0.051</duration>
          <className>de.uni_hildesheim.sse.vil.rt.tests.ExecutionRtTests</className>
          <testName>testPersistentVar</testName>
          <skipped>false</skipped>
          <failedSince>0</failedSince>
        </case>
        <case>
          <duration>0.085</duration>
          <className>de.uni_hildesheim.sse.vil.rt.tests.ExecutionRtTests</className>
          <testName>testInstances2</testName>
          <skipped>false</skipped>
          <failedSince>0</failedSince>
        </case>
        <case>
          <duration>0.063</duration>
          <className>de.uni_hildesheim.sse.vil.rt.tests.ExecutionRtTests</className>
          <testName>testInstances3</testName>
          <skipped>false</skipped>
          <failedSince>0</failedSince>
        </case>
        <case>
          <duration>0.082</duration>
          <className>de.uni_hildesheim.sse.vil.rt.tests.ExecutionRtTests</className>
          <testName>testMapping</testName>
          <skipped>false</skipped>
          <failedSince>0</failedSince>
        </case>
        <case>
          <duration>0.091</duration>
          <className>de.uni_hildesheim.sse.vil.rt.tests.ExecutionRtTests</className>
          <testName>testReferences</testName>
          <skipped>false</skipped>
          <failedSince>0</failedSince>
        </case>
        <case>
          <duration>0.053</duration>
          <className>de.uni_hildesheim.sse.vil.rt.tests.ExecutionRtTests</className>
          <testName>testInstances</testName>
          <skipped>false</skipped>
          <failedSince>0</failedSince>
        </case>
        <case>
          <duration>0.034</duration>
          <className>de.uni_hildesheim.sse.vil.rt.tests.ExecutionRtTests</className>
          <testName>testReturn2</testName>
          <skipped>false</skipped>
          <failedSince>0</failedSince>
        </case>
        <case>
          <duration>0.059</duration>
          <className>de.uni_hildesheim.sse.vil.rt.tests.ExecutionRtTests</className>
          <testName>testDispatch2</testName>
          <skipped>false</skipped>
          <failedSince>0</failedSince>
        </case>
        <case>
          <duration>0.026</duration>
          <className>de.uni_hildesheim.sse.vil.rt.tests.ExecutionRtTests</className>
          <testName>testDispatch</testName>
          <skipped>false</skipped>
          <failedSince>0</failedSince>
        </case>
        <case>
          <duration>0.031</duration>
          <className>de.uni_hildesheim.sse.vil.rt.tests.ExecutionRtTests</className>
          <testName>testDefault</testName>
          <skipped>false</skipped>
          <failedSince>0</failedSince>
        </case>
        <case>
          <duration>0.395</duration>
          <className>de.uni_hildesheim.sse.vil.rt.tests.ExecutionRtTests</className>
          <testName>testALTest</testName>
          <skipped>false</skipped>
          <failedSince>0</failedSince>
        </case>
        <case>
          <duration>0.032</duration>
          <className>de.uni_hildesheim.sse.vil.rt.tests.ExecutionRtTests</className>
          <testName>testReturn</testName>
          <skipped>false</skipped>
          <failedSince>0</failedSince>
        </case>
        <case>
          <duration>0.011</duration>
          <className>de.uni_hildesheim.sse.vil.rt.tests.ExecutionRtTests</className>
          <testName>testStartup</testName>
          <skipped>false</skipped>
          <failedSince>0</failedSince>
        </case>
        <case>
          <duration>0.035</duration>
          <className>de.uni_hildesheim.sse.vil.rt.tests.ExecutionRtTests</className>
          <testName>testWeighting</testName>
          <skipped>false</skipped>
          <failedSince>0</failedSince>
        </case>
        <case>
          <duration>0.012</duration>
          <className>de.uni_hildesheim.sse.vil.rt.tests.ExecutionRtTests</className>
          <testName>testStartup1</testName>
          <skipped>false</skipped>
          <failedSince>0</failedSince>
        </case>
        <case>
          <duration>0.085</duration>
          <className>de.uni_hildesheim.sse.vil.rt.tests.ExecutionRtTests</className>
          <testName>testStartup2</testName>
          <skipped>false</skipped>
          <failedSince>0</failedSince>
        </case>
        <case>
          <duration>0.083</duration>
          <className>de.uni_hildesheim.sse.vil.rt.tests.ExecutionRtTests</className>
          <testName>testStartup3</testName>
          <skipped>false</skipped>
          <failedSince>0</failedSince>
        </case>
        <case>
          <duration>0.164</duration>
          <className>de.uni_hildesheim.sse.vil.rt.tests.ExecutionRtTests</className>
          <testName>testStartup4</testName>
          <skipped>false</skipped>
          <failedSince>0</failedSince>
        </case>
        <case>
          <duration>0.225</duration>
          <className>de.uni_hildesheim.sse.vil.rt.tests.ExecutionRtTests</className>
          <testName>testStartup5</testName>
          <skipped>false</skipped>
          <failedSince>0</failedSince>
        </case>
        <case>
          <duration>0.024</duration>
          <className>de.uni_hildesheim.sse.vil.rt.tests.ExecutionRtTests</className>
          <testName>testWeighting2</testName>
          <skipped>false</skipped>
          <failedSince>0</failedSince>
        </case>
        <case>
          <duration>0.012</duration>
          <className>de.uni_hildesheim.sse.vil.rt.tests.AnalyzerTest</className>
          <testName>testImplicationWithDeviation</testName>
          <skipped>false</skipped>
          <failedSince>0</failedSince>
        </case>
        <case>
          <duration>0.001</duration>
          <className>de.uni_hildesheim.sse.vil.rt.tests.AnalyzerTest</className>
          <testName>testGreaterEqualsComparison</testName>
          <skipped>false</skipped>
          <failedSince>0</failedSince>
        </case>
        <case>
          <duration>0.001</duration>
          <className>de.uni_hildesheim.sse.vil.rt.tests.AnalyzerTest</className>
          <testName>testSmallerEqualsComparison</testName>
          <skipped>false</skipped>
          <failedSince>0</failedSince>
        </case>
        <case>
          <duration>0.001</duration>
          <className>de.uni_hildesheim.sse.vil.rt.tests.AnalyzerTest</className>
          <testName>testImplicationNoDeviation1</testName>
          <skipped>false</skipped>
          <failedSince>0</failedSince>
        </case>
        <case>
          <duration>0.001</duration>
          <className>de.uni_hildesheim.sse.vil.rt.tests.AnalyzerTest</className>
          <testName>testImplicationNoDeviation2</testName>
          <skipped>false</skipped>
          <failedSince>0</failedSince>
        </case>
        <case>
          <duration>0.054</duration>
          <className>de.uni_hildesheim.sse.vil.rt.tests.VariableValueCopierTest</className>
          <testName>testCopier</testName>
          <skipped>false</skipped>
          <failedSince>0</failedSince>
        </case>
        <case>
          <duration>0.004</duration>
          <className>net.ssehub.easy.instantiation.rt.tests.confModel.AdaptiveConfigurationTests</className>
          <testName>testConfigurationOfSimpleToplevelVariables</testName>
          <skipped>false</skipped>
          <failedSince>0</failedSince>
        </case>
        <case>
          <duration>0.002</duration>
          <className>net.ssehub.easy.instantiation.rt.tests.confModel.AdaptiveConfigurationTests</className>
          <testName>testConfigureSlotOfCompound</testName>
          <skipped>false</skipped>
          <failedSince>0</failedSince>
        </case>
      </cases>
    </suite>
    <suite>
      <file>/var/lib/jenkins/workspace/EASy_Instantiation/junitResults/net.ssehub.easy.instantiation.ant.AllTests.xml</file>
      <name>net.ssehub.easy.instantiation.ant.AllTests</name>
      <stdout></stdout>
      <stderr></stderr>
      <duration>1.624</duration>
      <timestamp>2019-08-01T07:33:42</timestamp>
      <id>0</id>
      <time>1.624</time>
      <enclosingBlocks/>
      <enclosingBlockNames/>
      <cases>
        <case>
          <duration>0.827</duration>
          <className>net.ssehub.easy.instantiation.ant.ExecutionTests</className>
          <testName>testAnt</testName>
          <skipped>false</skipped>
          <failedSince>0</failedSince>
        </case>
      </cases>
    </suite>
    <suite>
      <file>/var/lib/jenkins/workspace/EASy_Instantiation/junitResults/net.ssehub.easy.instantiation.aspectj.AllTests.xml</file>
      <name>net.ssehub.easy.instantiation.aspectj.AllTests</name>
      <stdout></stdout>
      <stderr></stderr>
      <duration>2.989</duration>
      <timestamp>2019-08-01T07:33:53</timestamp>
      <id>0</id>
      <time>2.989</time>
      <enclosingBlocks/>
      <enclosingBlockNames/>
      <cases>
        <case>
          <duration>2.372</duration>
          <className>net.ssehub.easy.instantiation.aspectj.ExecutionTests</className>
          <testName>testAspectJ</testName>
          <skipped>false</skipped>
          <failedSince>0</failedSince>
        </case>
      </cases>
    </suite>
    <suite>
      <file>/var/lib/jenkins/workspace/EASy_Instantiation/junitResults/net.ssehub.easy.instantiation.core.AllTests.xml</file>
      <name>net.ssehub.easy.instantiation.core.AllTests</name>
      <stdout></stdout>
      <stderr></stderr>
      <duration>4.052</duration>
      <timestamp>2019-08-01T07:32:21</timestamp>
      <id>0</id>
      <time>4.052</time>
      <enclosingBlocks/>
      <enclosingBlockNames/>
      <cases>
        <case>
          <duration>0.006</duration>
          <className>net.ssehub.easy.instantiation.core.model.vilTypes.TypeRegistryTest</className>
          <testName>testInstantiators</testName>
          <skipped>false</skipped>
          <failedSince>0</failedSince>
        </case>
        <case>
          <duration>0.011</duration>
          <className>net.ssehub.easy.instantiation.core.model.vilTypes.TypeRegistryTest</className>
          <testName>testTypeExtension</testName>
          <skipped>false</skipped>
          <failedSince>0</failedSince>
        </case>
        <case>
          <duration>0.0</duration>
          <className>net.ssehub.easy.instantiation.core.model.vilTypes.TypeRegistryTest</className>
          <testName>testDefaultTypes</testName>
          <skipped>false</skipped>
          <failedSince>0</failedSince>
        </case>
        <case>
          <duration>0.001</duration>
          <className>net.ssehub.easy.instantiation.core.model.vilTypes.TypeDescriptorTest</className>
          <testName>testBasicTypes</testName>
          <skipped>false</skipped>
          <failedSince>0</failedSince>
        </case>
        <case>
          <duration>0.001</duration>
          <className>net.ssehub.easy.instantiation.core.model.vilTypes.TypeDescriptorTest</className>
          <testName>testConversions</testName>
          <skipped>false</skipped>
          <failedSince>0</failedSince>
        </case>
        <case>
          <duration>0.021</duration>
          <className>net.ssehub.easy.instantiation.core.model.vilTypes.TypeDescriptorTest</className>
          <testName>testOperations</testName>
          <skipped>false</skipped>
          <failedSince>0</failedSince>
        </case>
        <case>
          <duration>0.002</duration>
          <className>net.ssehub.easy.instantiation.core.model.vilTypes.ArtifactFactoryTest</className>
          <testName>testConstrainedArtifactCreation</testName>
          <skipped>false</skipped>
          <failedSince>0</failedSince>
        </case>
        <case>
          <duration>0.29</duration>
          <className>net.ssehub.easy.instantiation.core.model.vilTypes.ArtifactFactoryTest</className>
          <testName>testDefaultArtifactCreation</testName>
          <skipped>false</skipped>
          <failedSince>0</failedSince>
        </case>
        <case>
          <duration>0.18</duration>
          <className>net.ssehub.easy.instantiation.core.model.vilTypes.ConfigurationTests</className>
          <testName>testConfiguration</testName>
          <skipped>false</skipped>
          <failedSince>0</failedSince>
        </case>
        <case>
          <duration>0.077</duration>
          <className>net.ssehub.easy.instantiation.core.model.vilTypes.ConfigurationTests</className>
          <testName>testSelectChanged1unchanged</testName>
          <skipped>false</skipped>
          <failedSince>0</failedSince>
        </case>
        <case>
          <duration>0.002</duration>
          <className>net.ssehub.easy.instantiation.core.model.vilTypes.ConfigurationTests</className>
          <testName>testSelectChanged1</testName>
          <skipped>false</skipped>
          <failedSince>0</failedSince>
        </case>
        <case>
          <duration>0.122</duration>
          <className>net.ssehub.easy.instantiation.core.model.vilTypes.ConfigurationTests</className>
          <testName>testSelectChanged2</testName>
          <skipped>false</skipped>
          <failedSince>0</failedSince>
        </case>
        <case>
          <duration>0.033</duration>
          <className>net.ssehub.easy.instantiation.core.model.vilTypes.ConfigurationTests</className>
          <testName>testSelectChanged3</testName>
          <skipped>false</skipped>
          <failedSince>0</failedSince>
        </case>
        <case>
          <duration>0.036</duration>
          <className>net.ssehub.easy.instantiation.core.model.vilTypes.ConfigurationTests</className>
          <testName>testSelectChanged4</testName>
          <skipped>false</skipped>
          <failedSince>0</failedSince>
        </case>
        <case>
          <duration>0.003</duration>
          <className>net.ssehub.easy.instantiation.core.model.expressions.ConstantExpressionTest</className>
          <testName>testBasicTypes</testName>
          <skipped>false</skipped>
          <failedSince>0</failedSince>
        </case>
        <case>
          <duration>0.011</duration>
          <className>net.ssehub.easy.instantiation.core.model.expressions.CallExpressionTest</className>
          <testName>testTransparentConversion</testName>
          <skipped>false</skipped>
          <failedSince>0</failedSince>
        </case>
        <case>
          <duration>0.002</duration>
          <className>net.ssehub.easy.instantiation.core.model.expressions.CallExpressionTest</className>
          <testName>testNonStaticExpression</testName>
          <skipped>false</skipped>
          <failedSince>0</failedSince>
        </case>
        <case>
          <duration>0.005</duration>
          <className>net.ssehub.easy.instantiation.core.model.expressions.CallExpressionTest</className>
          <testName>testParameterConversion</testName>
          <skipped>false</skipped>
          <failedSince>0</failedSince>
        </case>
        <case>
          <duration>0.001</duration>
          <className>net.ssehub.easy.instantiation.core.model.expressions.CallExpressionTest</className>
          <testName>testStaticExpression</testName>
          <skipped>false</skipped>
          <failedSince>0</failedSince>
        </case>
        <case>
          <duration>0.011</duration>
          <className>net.ssehub.easy.instantiation.core.model.expressions.StringParserTest</className>
          <testName>testValueReplacements</testName>
          <skipped>false</skipped>
          <failedSince>0</failedSince>
        </case>
        <case>
          <duration>0.001</duration>
          <className>net.ssehub.easy.instantiation.core.model.expressions.StringParserTest</className>
          <testName>testRecursiveExpressionReplacements</testName>
          <skipped>false</skipped>
          <failedSince>0</failedSince>
        </case>
        <case>
          <duration>0.008</duration>
          <className>net.ssehub.easy.instantiation.core.model.expressions.StringParserTest</className>
          <testName>testRecursiveExpressionResolution</testName>
          <skipped>false</skipped>
          <failedSince>0</failedSince>
        </case>
        <case>
          <duration>0.0</duration>
          <className>net.ssehub.easy.instantiation.core.model.expressions.StringParserTest</className>
          <testName>testNoReplacements</testName>
          <skipped>false</skipped>
          <failedSince>0</failedSince>
        </case>
        <case>
          <duration>0.001</duration>
          <className>net.ssehub.easy.instantiation.core.model.expressions.StringParserTest</className>
          <testName>testExpressionResolution</testName>
          <skipped>false</skipped>
          <failedSince>0</failedSince>
        </case>
        <case>
          <duration>0.005</duration>
          <className>net.ssehub.easy.instantiation.core.model.expressions.StringParserTest</className>
          <testName>testExpressionReplacements</testName>
          <skipped>false</skipped>
          <failedSince>0</failedSince>
        </case>
        <case>
          <duration>0.005</duration>
          <className>net.ssehub.easy.instantiation.core.model.expressions.ConstructorCallExpressionTest</className>
          <testName>testConstructor</testName>
          <skipped>false</skipped>
          <failedSince>0</failedSince>
        </case>
        <case>
          <duration>0.014</duration>
          <className>net.ssehub.easy.instantiation.core.model.buildlangModel.VariableExpressionTest</className>
          <testName>testStaticExpression</testName>
          <skipped>false</skipped>
          <failedSince>0</failedSince>
        </case>
        <case>
          <duration>0.002</duration>
          <className>net.ssehub.easy.instantiation.core.model.buildlangModel.PathRuleMatcherTest</className>
          <testName>testSingleReplacements</testName>
          <skipped>false</skipped>
          <failedSince>0</failedSince>
        </case>
        <case>
          <duration>0.0</duration>
          <className>net.ssehub.easy.instantiation.core.model.buildlangModel.PathRuleMatcherTest</className>
          <testName>testMultiCharReplacements</testName>
          <skipped>false</skipped>
          <failedSince>0</failedSince>
        </case>
        <case>
          <duration>0.002</duration>
          <className>net.ssehub.easy.instantiation.core.model.buildlangModel.PathRuleMatcherTest</className>
          <testName>testNoReplacement</testName>
          <skipped>false</skipped>
          <failedSince>0</failedSince>
        </case>
        <case>
          <duration>0.0</duration>
          <className>net.ssehub.easy.instantiation.core.model.buildlangModel.PathRuleMatcherTest</className>
          <testName>testOverlapsEmpty</testName>
          <skipped>false</skipped>
          <failedSince>0</failedSince>
        </case>
        <case>
          <duration>0.001</duration>
          <className>net.ssehub.easy.instantiation.core.model.buildlangModel.PathRuleMatcherTest</className>
          <testName>testPathReplacements</testName>
          <skipped>false</skipped>
          <failedSince>0</failedSince>
        </case>
        <case>
          <duration>0.006</duration>
          <className>net.ssehub.easy.instantiation.core.model.buildlangModel.PathRuleMatcherTest</className>
          <testName>testOverlapsSingleMatch</testName>
          <skipped>false</skipped>
          <failedSince>0</failedSince>
        </case>
        <case>
          <duration>0.001</duration>
          <className>net.ssehub.easy.instantiation.core.model.buildlangModel.PathRuleMatcherTest</className>
          <testName>testOverlapsDirectMatch</testName>
          <skipped>false</skipped>
          <failedSince>0</failedSince>
        </case>
        <case>
          <duration>0.003</duration>
          <className>net.ssehub.easy.instantiation.core.model.buildlangModel.PathRuleMatcherTest</className>
          <testName>testOverlapsFurtherCases</testName>
          <skipped>false</skipped>
          <failedSince>0</failedSince>
        </case>
        <case>
          <duration>0.105</duration>
          <className>net.ssehub.easy.instantiation.core.model.buildlangModel.StrategyCallExpressionTest</className>
          <testName>testSystemExecution</testName>
          <skipped>false</skipped>
          <failedSince>0</failedSince>
        </case>
        <case>
          <duration>0.002</duration>
          <className>net.ssehub.easy.instantiation.core.model.buildlangModel.StrategyCallExpressionTest</className>
          <testName>testInstantiator</testName>
          <skipped>false</skipped>
          <failedSince>0</failedSince>
        </case>
        <case>
          <duration>0.006</duration>
          <className>net.ssehub.easy.instantiation.core.model.buildlangModel.ScriptTests</className>
          <testName>testVersion</testName>
          <skipped>false</skipped>
          <failedSince>0</failedSince>
        </case>
        <case>
          <duration>0.002</duration>
          <className>net.ssehub.easy.instantiation.core.model.templateModel.IndentationUtilsTests</className>
          <testName>testNoRemoval</testName>
          <skipped>false</skipped>
          <failedSince>0</failedSince>
        </case>
        <case>
          <duration>0.0</duration>
          <className>net.ssehub.easy.instantiation.core.model.templateModel.IndentationUtilsTests</className>
          <testName>testInsertion</testName>
          <skipped>false</skipped>
          <failedSince>0</failedSince>
        </case>
        <case>
          <duration>0.001</duration>
          <className>net.ssehub.easy.instantiation.core.model.templateModel.IndentationUtilsTests</className>
          <testName>testRemoval</testName>
          <skipped>false</skipped>
          <failedSince>0</failedSince>
        </case>
        <case>
          <duration>0.002</duration>
          <className>net.ssehub.easy.instantiation.core.model.artifactmodel.XmlFileArtifactTest</className>
          <testName>testPathNormalization</testName>
          <skipped>false</skipped>
          <failedSince>0</failedSince>
        </case>
        <case>
          <duration>0.49</duration>
          <className>net.ssehub.easy.instantiation.core.model.artifactmodel.XmlFileArtifactTest</className>
          <testName>testSelectByPath</testName>
          <skipped>false</skipped>
          <failedSince>0</failedSince>
        </case>
        <case>
          <duration>0.073</duration>
          <className>net.ssehub.easy.instantiation.core.model.artifactmodel.XmlFileArtifactTest</className>
          <testName>testDTD</testName>
          <skipped>false</skipped>
          <failedSince>0</failedSince>
        </case>
        <case>
          <duration>0.053</duration>
          <className>net.ssehub.easy.instantiation.core.model.artifactmodel.XmlFileArtifactTest</className>
          <testName>testHeavyDeletion</testName>
          <skipped>false</skipped>
          <failedSince>0</failedSince>
        </case>
        <case>
          <duration>0.134</duration>
          <className>net.ssehub.easy.instantiation.core.model.artifactmodel.XmlFileArtifactTest</className>
          <testName>testAttributeCreation</testName>
          <skipped>false</skipped>
          <failedSince>0</failedSince>
        </case>
        <case>
          <duration>0.1</duration>
          <className>net.ssehub.easy.instantiation.core.model.artifactmodel.XmlFileArtifactTest</className>
          <testName>testDeleteElement</testName>
          <skipped>false</skipped>
          <failedSince>0</failedSince>
        </case>
        <case>
          <duration>0.17</duration>
          <className>net.ssehub.easy.instantiation.core.model.artifactmodel.XmlFileArtifactTest</className>
          <testName>testAddAttributeByPath</testName>
          <skipped>false</skipped>
          <failedSince>0</failedSince>
        </case>
        <case>
          <duration>0.115</duration>
          <className>net.ssehub.easy.instantiation.core.model.artifactmodel.XmlFileArtifactTest</className>
          <testName>testDeleteAttribute</testName>
          <skipped>false</skipped>
          <failedSince>0</failedSince>
        </case>
        <case>
          <duration>0.12</duration>
          <className>net.ssehub.easy.instantiation.core.model.artifactmodel.XmlFileArtifactTest</className>
          <testName>springTest</testName>
          <skipped>false</skipped>
          <failedSince>0</failedSince>
        </case>
        <case>
          <duration>0.11</duration>
          <className>net.ssehub.easy.instantiation.core.model.artifactmodel.XmlFileArtifactTest</className>
          <testName>testDeletion</testName>
          <skipped>false</skipped>
          <failedSince>0</failedSince>
        </case>
        <case>
          <duration>0.044</duration>
          <className>net.ssehub.easy.instantiation.core.model.artifactmodel.XmlFileArtifactTest</className>
          <testName>objectRelationTest</testName>
          <skipped>false</skipped>
          <failedSince>0</failedSince>
        </case>
        <case>
          <duration>0.137</duration>
          <className>net.ssehub.easy.instantiation.core.model.artifactmodel.XmlFileArtifactTest</className>
          <testName>testRename</testName>
          <skipped>false</skipped>
          <failedSince>0</failedSince>
        </case>
        <case>
          <duration>0.099</duration>
          <className>net.ssehub.easy.instantiation.core.model.artifactmodel.XmlFileArtifactTest</className>
          <testName>testElementCreation</testName>
          <skipped>false</skipped>
          <failedSince>0</failedSince>
        </case>
        <case>
          <duration>0.147</duration>
          <className>net.ssehub.easy.instantiation.core.model.artifactmodel.XmlFileArtifactTest</className>
          <testName>testAddElementByPath</testName>
          <skipped>false</skipped>
          <failedSince>0</failedSince>
        </case>
        <case>
          <duration>0.002</duration>
          <className>net.ssehub.easy.instantiation.core.model.JavaUtilitiesTest</className>
          <testName>testJdkPath</testName>
          <skipped>false</skipped>
          <failedSince>0</failedSince>
        </case>
      </cases>
    </suite>
    <suite>
      <file>/var/lib/jenkins/workspace/EASy_Instantiation/junitResults/net.ssehub.easy.instantiation.java.AllTests.xml</file>
      <name>net.ssehub.easy.instantiation.java.AllTests</name>
      <stdout></stdout>
      <stderr></stderr>
      <duration>10.366</duration>
      <timestamp>2019-08-01T07:33:23</timestamp>
      <id>0</id>
      <time>10.366</time>
      <enclosingBlocks/>
      <enclosingBlockNames/>
      <cases>
        <case>
          <duration>2.137</duration>
          <className>net.ssehub.easy.instantiation.java.ExecutionTests</className>
          <testName>testGetJavaCompiler</testName>
          <skipped>false</skipped>
          <failedSince>0</failedSince>
        </case>
        <case>
          <duration>0.4</duration>
          <className>net.ssehub.easy.instantiation.java.ExecutionTests</className>
          <testName>testJarWithManifest</testName>
          <skipped>false</skipped>
          <failedSince>0</failedSince>
        </case>
        <case>
          <duration>1.393</duration>
          <className>net.ssehub.easy.instantiation.java.ExecutionTests</className>
          <testName>testDeleteWithCallsClasspathAsSetOfString</testName>
          <skipped>false</skipped>
          <failedSince>0</failedSince>
        </case>
        <case>
          <duration>0.337</duration>
          <className>net.ssehub.easy.instantiation.java.ExecutionTests</className>
          <testName>testJar</testName>
          <skipped>false</skipped>
          <failedSince>0</failedSince>
        </case>
        <case>
          <duration>0.34</duration>
          <className>net.ssehub.easy.instantiation.java.ExecutionTests</className>
          <testName>testJavac</testName>
          <skipped>false</skipped>
          <failedSince>0</failedSince>
        </case>
        <case>
          <duration>0.391</duration>
          <className>net.ssehub.easy.instantiation.java.ExecutionTests</className>
          <testName>testMethodReturnType</testName>
          <skipped>false</skipped>
          <failedSince>0</failedSince>
        </case>
        <case>
          <duration>0.223</duration>
          <className>net.ssehub.easy.instantiation.java.ExecutionTests</className>
          <testName>testDeleteWithCallsClasspathAsSetOfPath</testName>
          <skipped>false</skipped>
          <failedSince>0</failedSince>
        </case>
        <case>
          <duration>0.429</duration>
          <className>net.ssehub.easy.instantiation.java.ExecutionTests</className>
          <testName>testJavaCopy</testName>
          <skipped>false</skipped>
          <failedSince>0</failedSince>
        </case>
        <case>
          <duration>0.184</duration>
          <className>net.ssehub.easy.instantiation.java.ExecutionTests</className>
          <testName>testModifyMethod</testName>
          <skipped>false</skipped>
          <failedSince>0</failedSince>
        </case>
        <case>
          <duration>0.261</duration>
          <className>net.ssehub.easy.instantiation.java.ExecutionTests</className>
          <testName>testJavac2</testName>
          <skipped>false</skipped>
          <failedSince>0</failedSince>
        </case>
        <case>
          <duration>0.151</duration>
          <className>net.ssehub.easy.instantiation.java.ExecutionTests</className>
          <testName>testDeleteWithCalls</testName>
          <skipped>false</skipped>
          <failedSince>0</failedSince>
        </case>
        <case>
          <duration>0.043</duration>
          <className>net.ssehub.easy.instantiation.java.artifacts.JavaFileArtifactTest</className>
          <testName>testRenamePackage</testName>
          <skipped>false</skipped>
          <failedSince>0</failedSince>
        </case>
        <case>
          <duration>0.074</duration>
          <className>net.ssehub.easy.instantiation.java.artifacts.JavaFileArtifactTest</className>
          <testName>testMakeAttributeConstant</testName>
          <skipped>false</skipped>
          <failedSince>0</failedSince>
        </case>
        <case>
          <duration>0.054</duration>
          <className>net.ssehub.easy.instantiation.java.artifacts.JavaFileArtifactTest</className>
          <testName>testDeleteMethods</testName>
          <skipped>false</skipped>
          <failedSince>0</failedSince>
        </case>
        <case>
          <duration>0.076</duration>
          <className>net.ssehub.easy.instantiation.java.artifacts.JavaFileArtifactTest</className>
          <testName>testCopyJavaFileArtifact</testName>
          <skipped>false</skipped>
          <failedSince>0</failedSince>
        </case>
        <case>
          <duration>0.092</duration>
          <className>net.ssehub.easy.instantiation.java.artifacts.JavaFileArtifactTest</className>
          <testName>testOrganizeJavaFileArtifact</testName>
          <skipped>false</skipped>
          <failedSince>0</failedSince>
        </case>
        <case>
          <duration>0.083</duration>
          <className>net.ssehub.easy.instantiation.java.artifacts.JavaFileArtifactTest</className>
          <testName>testOrganizeJavaFileArtifactWithMap</testName>
          <skipped>false</skipped>
          <failedSince>0</failedSince>
        </case>
        <case>
          <duration>0.067</duration>
          <className>net.ssehub.easy.instantiation.java.artifacts.JavaFileArtifactTest</className>
          <testName>testRenameQualifiedNames</testName>
          <skipped>false</skipped>
          <failedSince>0</failedSince>
        </case>
        <case>
          <duration>0.063</duration>
          <className>net.ssehub.easy.instantiation.java.artifacts.JavaFileArtifactTest</className>
          <testName>testRenameImports</testName>
          <skipped>false</skipped>
          <failedSince>0</failedSince>
        </case>
        <case>
          <duration>0.059</duration>
          <className>net.ssehub.easy.instantiation.java.artifacts.JavaFileArtifactTest</className>
          <testName>testMakeAttributeVariable</testName>
          <skipped>false</skipped>
          <failedSince>0</failedSince>
        </case>
        <case>
          <duration>0.03</duration>
          <className>net.ssehub.easy.instantiation.java.artifacts.JavaFileArtifactTest</className>
          <testName>testHasAnnotations</testName>
          <skipped>false</skipped>
          <failedSince>0</failedSince>
        </case>
      </cases>
    </suite>
    <suite>
      <file>/var/lib/jenkins/workspace/EASy_Instantiation/junitResults/net.ssehub.easy.instantiation.serializer.xml.AllTests.xml</file>
      <name>net.ssehub.easy.instantiation.serializer.xml.AllTests</name>
      <stdout></stdout>
      <stderr></stderr>
      <duration>27.138</duration>
      <timestamp>2019-08-01T07:31:44</timestamp>
      <id>0</id>
      <time>27.138</time>
      <enclosingBlocks/>
      <enclosingBlockNames/>
      <cases>
        <case>
          <duration>4.118</duration>
          <className>net.ssehub.easy.instantiation.serializer.xml.VilPersistencyTest</className>
          <testName>testReadWrite</testName>
          <skipped>false</skipped>
          <errorStackTrace>com.thoughtworks.xstream.converters.ConversionException: Cannot construct net.ssehub.easy.instantiation.core.model.buildlangModel.Script as it does not have a no-args constructor : Cannot construct net.ssehub.easy.instantiation.core.model.buildlangModel.Script as it does not have a no-args constructor
---- Debugging information ----
message             : Cannot construct net.ssehub.easy.instantiation.core.model.buildlangModel.Script as it does not have a no-args constructor
cause-exception     : com.thoughtworks.xstream.converters.reflection.ObjectAccessException
cause-message       : Cannot construct net.ssehub.easy.instantiation.core.model.buildlangModel.Script as it does not have a no-args constructor
class               : net.ssehub.easy.instantiation.core.model.buildlangModel.Script
required-type       : net.ssehub.easy.instantiation.core.model.buildlangModel.Script
converter-type      : com.thoughtworks.xstream.converters.reflection.ReflectionConverter
line number         : 1
class[1]            : java.util.ArrayList
converter-type[1]   : com.thoughtworks.xstream.converters.collections.CollectionConverter
version             : null
-------------------------------
	at com.thoughtworks.xstream.core.TreeUnmarshaller.convert(TreeUnmarshaller.java:79)
	at com.thoughtworks.xstream.core.AbstractReferenceUnmarshaller.convert(AbstractReferenceUnmarshaller.java:65)
	at com.thoughtworks.xstream.core.TreeUnmarshaller.convertAnother(TreeUnmarshaller.java:66)
	at com.thoughtworks.xstream.core.TreeUnmarshaller.convertAnother(TreeUnmarshaller.java:50)
	at com.thoughtworks.xstream.converters.collections.AbstractCollectionConverter.readItem(AbstractCollectionConverter.java:71)
	at com.thoughtworks.xstream.converters.collections.CollectionConverter.addCurrentElementToCollection(CollectionConverter.java:79)
	at com.thoughtworks.xstream.converters.collections.CollectionConverter.populateCollection(CollectionConverter.java:72)
	at com.thoughtworks.xstream.converters.collections.CollectionConverter.populateCollection(CollectionConverter.java:66)
	at com.thoughtworks.xstream.converters.collections.CollectionConverter.unmarshal(CollectionConverter.java:61)
	at com.thoughtworks.xstream.core.TreeUnmarshaller.convert(TreeUnmarshaller.java:72)
	at com.thoughtworks.xstream.core.AbstractReferenceUnmarshaller.convert(AbstractReferenceUnmarshaller.java:65)
	at com.thoughtworks.xstream.core.TreeUnmarshaller.convertAnother(TreeUnmarshaller.java:66)
	at com.thoughtworks.xstream.core.TreeUnmarshaller.convertAnother(TreeUnmarshaller.java:50)
	at com.thoughtworks.xstream.core.TreeUnmarshaller.start(TreeUnmarshaller.java:134)
	at com.thoughtworks.xstream.core.AbstractTreeMarshallingStrategy.unmarshal(AbstractTreeMarshallingStrategy.java:32)
	at com.thoughtworks.xstream.XStream.unmarshal(XStream.java:1058)
	at com.thoughtworks.xstream.XStream.unmarshal(XStream.java:1042)
	at com.thoughtworks.xstream.XStream.fromXML(XStream.java:922)
	at net.ssehub.easy.instantiation.serializer.xml.XmlIo.read(XmlIo.java:174)
	at net.ssehub.easy.instantiation.serializer.xml.VilPersistencyTest.testReadWrite(VilPersistencyTest.java:76)
	at org.eclipse.test.EclipseTestRunner.run(EclipseTestRunner.java:692)
	at org.eclipse.test.EclipseTestRunner.run(EclipseTestRunner.java:319)
	at org.eclipse.test.CoreTestApplication.runTests(CoreTestApplication.java:36)
	at org.eclipse.test.CoreTestApplication.run(CoreTestApplication.java:32)
	at org.eclipse.equinox.internal.app.EclipseAppContainer.callMethodWithException(EclipseAppContainer.java:587)
	at org.eclipse.equinox.internal.app.EclipseAppHandle.run(EclipseAppHandle.java:198)
	at org.eclipse.core.runtime.internal.adaptor.EclipseAppLauncher.runApplication(EclipseAppLauncher.java:134)
	at org.eclipse.core.runtime.internal.adaptor.EclipseAppLauncher.start(EclipseAppLauncher.java:104)
	at org.eclipse.core.runtime.adaptor.EclipseStarter.run(EclipseStarter.java:380)
	at org.eclipse.core.runtime.adaptor.EclipseStarter.run(EclipseStarter.java:235)
	at org.eclipse.equinox.launcher.Main.invokeFramework(Main.java:669)
	at org.eclipse.equinox.launcher.Main.basicRun(Main.java:608)
	at org.eclipse.equinox.launcher.Main.run(Main.java:1515)
	at org.eclipse.equinox.launcher.Main.main(Main.java:1488)
	at org.eclipse.core.launcher.Main.main(Main.java:34)
Caused by: com.thoughtworks.xstream.converters.reflection.ObjectAccessException: Cannot construct net.ssehub.easy.instantiation.core.model.buildlangModel.Script as it does not have a no-args constructor
	at com.thoughtworks.xstream.converters.reflection.PureJavaReflectionProvider.newInstance(PureJavaReflectionProvider.java:71)
	at com.thoughtworks.xstream.converters.reflection.AbstractReflectionConverter.instantiateNewInstance(AbstractReflectionConverter.java:428)
	at com.thoughtworks.xstream.converters.reflection.AbstractReflectionConverter.unmarshal(AbstractReflectionConverter.java:233)
	at com.thoughtworks.xstream.core.TreeUnmarshaller.convert(TreeUnmarshaller.java:72)
</errorStackTrace>
          <errorDetails>Cannot construct net.ssehub.easy.instantiation.core.model.buildlangModel.Script as it does not have a no-args constructor : Cannot construct net.ssehub.easy.instantiation.core.model.buildlangModel.Script as it does not have a no-args constructor
---- Debugging information ----
message             : Cannot construct net.ssehub.easy.instantiation.core.model.buildlangModel.Script as it does not have a no-args constructor
cause-exception     : com.thoughtworks.xstream.converters.reflection.ObjectAccessException
cause-message       : Cannot construct net.ssehub.easy.instantiation.core.model.buildlangModel.Script as it does not have a no-args constructor
class               : net.ssehub.easy.instantiation.core.model.buildlangModel.Script
required-type       : net.ssehub.easy.instantiation.core.model.buildlangModel.Script
converter-type      : com.thoughtworks.xstream.converters.reflection.ReflectionConverter
line number         : 1
class[1]            : java.util.ArrayList
converter-type[1]   : com.thoughtworks.xstream.converters.collections.CollectionConverter
version             : null
-------------------------------</errorDetails>
          <failedSince>38</failedSince>
        </case>
        <case>
          <duration>2.269</duration>
          <className>net.ssehub.easy.instantiation.serializer.xml.VtlPersistencyTest</className>
          <testName>testReadWrite</testName>
          <skipped>false</skipped>
          <errorStackTrace>com.thoughtworks.xstream.converters.ConversionException: Cannot construct net.ssehub.easy.instantiation.core.model.templateModel.Template as it does not have a no-args constructor : Cannot construct net.ssehub.easy.instantiation.core.model.templateModel.Template as it does not have a no-args constructor
---- Debugging information ----
message             : Cannot construct net.ssehub.easy.instantiation.core.model.templateModel.Template as it does not have a no-args constructor
cause-exception     : com.thoughtworks.xstream.converters.reflection.ObjectAccessException
cause-message       : Cannot construct net.ssehub.easy.instantiation.core.model.templateModel.Template as it does not have a no-args constructor
class               : net.ssehub.easy.instantiation.core.model.templateModel.Template
required-type       : net.ssehub.easy.instantiation.core.model.templateModel.Template
converter-type      : com.thoughtworks.xstream.converters.reflection.ReflectionConverter
line number         : 1
class[1]            : java.util.ArrayList
converter-type[1]   : com.thoughtworks.xstream.converters.collections.CollectionConverter
version             : null
-------------------------------
	at com.thoughtworks.xstream.core.TreeUnmarshaller.convert(TreeUnmarshaller.java:79)
	at com.thoughtworks.xstream.core.AbstractReferenceUnmarshaller.convert(AbstractReferenceUnmarshaller.java:65)
	at com.thoughtworks.xstream.core.TreeUnmarshaller.convertAnother(TreeUnmarshaller.java:66)
	at com.thoughtworks.xstream.core.TreeUnmarshaller.convertAnother(TreeUnmarshaller.java:50)
	at com.thoughtworks.xstream.converters.collections.AbstractCollectionConverter.readItem(AbstractCollectionConverter.java:71)
	at com.thoughtworks.xstream.converters.collections.CollectionConverter.addCurrentElementToCollection(CollectionConverter.java:79)
	at com.thoughtworks.xstream.converters.collections.CollectionConverter.populateCollection(CollectionConverter.java:72)
	at com.thoughtworks.xstream.converters.collections.CollectionConverter.populateCollection(CollectionConverter.java:66)
	at com.thoughtworks.xstream.converters.collections.CollectionConverter.unmarshal(CollectionConverter.java:61)
	at com.thoughtworks.xstream.core.TreeUnmarshaller.convert(TreeUnmarshaller.java:72)
	at com.thoughtworks.xstream.core.AbstractReferenceUnmarshaller.convert(AbstractReferenceUnmarshaller.java:65)
	at com.thoughtworks.xstream.core.TreeUnmarshaller.convertAnother(TreeUnmarshaller.java:66)
	at com.thoughtworks.xstream.core.TreeUnmarshaller.convertAnother(TreeUnmarshaller.java:50)
	at com.thoughtworks.xstream.core.TreeUnmarshaller.start(TreeUnmarshaller.java:134)
	at com.thoughtworks.xstream.core.AbstractTreeMarshallingStrategy.unmarshal(AbstractTreeMarshallingStrategy.java:32)
	at com.thoughtworks.xstream.XStream.unmarshal(XStream.java:1058)
	at com.thoughtworks.xstream.XStream.unmarshal(XStream.java:1042)
	at com.thoughtworks.xstream.XStream.fromXML(XStream.java:922)
	at net.ssehub.easy.instantiation.serializer.xml.XmlIo.read(XmlIo.java:174)
	at net.ssehub.easy.instantiation.serializer.xml.VtlPersistencyTest.testReadWrite(VtlPersistencyTest.java:71)
	at org.eclipse.test.EclipseTestRunner.run(EclipseTestRunner.java:692)
	at org.eclipse.test.EclipseTestRunner.run(EclipseTestRunner.java:319)
	at org.eclipse.test.CoreTestApplication.runTests(CoreTestApplication.java:36)
	at org.eclipse.test.CoreTestApplication.run(CoreTestApplication.java:32)
	at org.eclipse.equinox.internal.app.EclipseAppContainer.callMethodWithException(EclipseAppContainer.java:587)
	at org.eclipse.equinox.internal.app.EclipseAppHandle.run(EclipseAppHandle.java:198)
	at org.eclipse.core.runtime.internal.adaptor.EclipseAppLauncher.runApplication(EclipseAppLauncher.java:134)
	at org.eclipse.core.runtime.internal.adaptor.EclipseAppLauncher.start(EclipseAppLauncher.java:104)
	at org.eclipse.core.runtime.adaptor.EclipseStarter.run(EclipseStarter.java:380)
	at org.eclipse.core.runtime.adaptor.EclipseStarter.run(EclipseStarter.java:235)
	at org.eclipse.equinox.launcher.Main.invokeFramework(Main.java:669)
	at org.eclipse.equinox.launcher.Main.basicRun(Main.java:608)
	at org.eclipse.equinox.launcher.Main.run(Main.java:1515)
	at org.eclipse.equinox.launcher.Main.main(Main.java:1488)
	at org.eclipse.core.launcher.Main.main(Main.java:34)
Caused by: com.thoughtworks.xstream.converters.reflection.ObjectAccessException: Cannot construct net.ssehub.easy.instantiation.core.model.templateModel.Template as it does not have a no-args constructor
	at com.thoughtworks.xstream.converters.reflection.PureJavaReflectionProvider.newInstance(PureJavaReflectionProvider.java:71)
	at com.thoughtworks.xstream.converters.reflection.AbstractReflectionConverter.instantiateNewInstance(AbstractReflectionConverter.java:428)
	at com.thoughtworks.xstream.converters.reflection.AbstractReflectionConverter.unmarshal(AbstractReflectionConverter.java:233)
	at com.thoughtworks.xstream.core.TreeUnmarshaller.convert(TreeUnmarshaller.java:72)
</errorStackTrace>
          <errorDetails>Cannot construct net.ssehub.easy.instantiation.core.model.templateModel.Template as it does not have a no-args constructor : Cannot construct net.ssehub.easy.instantiation.core.model.templateModel.Template as it does not have a no-args constructor
---- Debugging information ----
message             : Cannot construct net.ssehub.easy.instantiation.core.model.templateModel.Template as it does not have a no-args constructor
cause-exception     : com.thoughtworks.xstream.converters.reflection.ObjectAccessException
cause-message       : Cannot construct net.ssehub.easy.instantiation.core.model.templateModel.Template as it does not have a no-args constructor
class               : net.ssehub.easy.instantiation.core.model.templateModel.Template
required-type       : net.ssehub.easy.instantiation.core.model.templateModel.Template
converter-type      : com.thoughtworks.xstream.converters.reflection.ReflectionConverter
line number         : 1
class[1]            : java.util.ArrayList
converter-type[1]   : com.thoughtworks.xstream.converters.collections.CollectionConverter
version             : null
-------------------------------</errorDetails>
          <failedSince>38</failedSince>
        </case>
        <case>
          <duration>0.058</duration>
          <className>net.ssehub.easy.instantiation.serializer.xml.SerializeQM2ModelTest</className>
          <testName>testApplyVilScript</testName>
          <skipped>false</skipped>
          <failedSince>0</failedSince>
        </case>
        <case>
          <duration>7.202</duration>
          <className>net.ssehub.easy.instantiation.serializer.xml.SerializeQM2ModelTest</className>
          <testName>testReadWrite</testName>
          <skipped>false</skipped>
          <errorStackTrace>com.thoughtworks.xstream.converters.ConversionException: Cannot construct net.ssehub.easy.varModel.model.Project as it does not have a no-args constructor : Cannot construct net.ssehub.easy.varModel.model.Project as it does not have a no-args constructor
---- Debugging information ----
message             : Cannot construct net.ssehub.easy.varModel.model.Project as it does not have a no-args constructor
cause-exception     : com.thoughtworks.xstream.converters.reflection.ObjectAccessException
cause-message       : Cannot construct net.ssehub.easy.varModel.model.Project as it does not have a no-args constructor
class               : net.ssehub.easy.varModel.model.Project
required-type       : net.ssehub.easy.varModel.model.Project
converter-type      : com.thoughtworks.xstream.converters.reflection.ReflectionConverter
line number         : 1
class[1]            : java.util.ArrayList
converter-type[1]   : com.thoughtworks.xstream.converters.collections.CollectionConverter
version             : null
-------------------------------
	at com.thoughtworks.xstream.core.TreeUnmarshaller.convert(TreeUnmarshaller.java:79)
	at com.thoughtworks.xstream.core.AbstractReferenceUnmarshaller.convert(AbstractReferenceUnmarshaller.java:65)
	at com.thoughtworks.xstream.core.TreeUnmarshaller.convertAnother(TreeUnmarshaller.java:66)
	at com.thoughtworks.xstream.core.TreeUnmarshaller.convertAnother(TreeUnmarshaller.java:50)
	at com.thoughtworks.xstream.converters.collections.AbstractCollectionConverter.readItem(AbstractCollectionConverter.java:71)
	at com.thoughtworks.xstream.converters.collections.CollectionConverter.addCurrentElementToCollection(CollectionConverter.java:79)
	at com.thoughtworks.xstream.converters.collections.CollectionConverter.populateCollection(CollectionConverter.java:72)
	at com.thoughtworks.xstream.converters.collections.CollectionConverter.populateCollection(CollectionConverter.java:66)
	at com.thoughtworks.xstream.converters.collections.CollectionConverter.unmarshal(CollectionConverter.java:61)
	at com.thoughtworks.xstream.core.TreeUnmarshaller.convert(TreeUnmarshaller.java:72)
	at com.thoughtworks.xstream.core.AbstractReferenceUnmarshaller.convert(AbstractReferenceUnmarshaller.java:65)
	at com.thoughtworks.xstream.core.TreeUnmarshaller.convertAnother(TreeUnmarshaller.java:66)
	at com.thoughtworks.xstream.core.TreeUnmarshaller.convertAnother(TreeUnmarshaller.java:50)
	at com.thoughtworks.xstream.core.TreeUnmarshaller.start(TreeUnmarshaller.java:134)
	at com.thoughtworks.xstream.core.AbstractTreeMarshallingStrategy.unmarshal(AbstractTreeMarshallingStrategy.java:32)
	at com.thoughtworks.xstream.XStream.unmarshal(XStream.java:1058)
	at com.thoughtworks.xstream.XStream.unmarshal(XStream.java:1042)
	at com.thoughtworks.xstream.XStream.fromXML(XStream.java:922)
	at net.ssehub.easy.instantiation.serializer.xml.XmlIo.read(XmlIo.java:174)
	at net.ssehub.easy.instantiation.serializer.xml.SerializeQM2ModelTest.assertReadQM2(SerializeQM2ModelTest.java:208)
	at net.ssehub.easy.instantiation.serializer.xml.SerializeQM2ModelTest.testReadWrite(SerializeQM2ModelTest.java:184)
	at org.eclipse.test.EclipseTestRunner.run(EclipseTestRunner.java:692)
	at org.eclipse.test.EclipseTestRunner.run(EclipseTestRunner.java:319)
	at org.eclipse.test.CoreTestApplication.runTests(CoreTestApplication.java:36)
	at org.eclipse.test.CoreTestApplication.run(CoreTestApplication.java:32)
	at org.eclipse.equinox.internal.app.EclipseAppContainer.callMethodWithException(EclipseAppContainer.java:587)
	at org.eclipse.equinox.internal.app.EclipseAppHandle.run(EclipseAppHandle.java:198)
	at org.eclipse.core.runtime.internal.adaptor.EclipseAppLauncher.runApplication(EclipseAppLauncher.java:134)
	at org.eclipse.core.runtime.internal.adaptor.EclipseAppLauncher.start(EclipseAppLauncher.java:104)
	at org.eclipse.core.runtime.adaptor.EclipseStarter.run(EclipseStarter.java:380)
	at org.eclipse.core.runtime.adaptor.EclipseStarter.run(EclipseStarter.java:235)
	at org.eclipse.equinox.launcher.Main.invokeFramework(Main.java:669)
	at org.eclipse.equinox.launcher.Main.basicRun(Main.java:608)
	at org.eclipse.equinox.launcher.Main.run(Main.java:1515)
	at org.eclipse.equinox.launcher.Main.main(Main.java:1488)
	at org.eclipse.core.launcher.Main.main(Main.java:34)
Caused by: com.thoughtworks.xstream.converters.reflection.ObjectAccessException: Cannot construct net.ssehub.easy.varModel.model.Project as it does not have a no-args constructor
	at com.thoughtworks.xstream.converters.reflection.PureJavaReflectionProvider.newInstance(PureJavaReflectionProvider.java:71)
	at com.thoughtworks.xstream.converters.reflection.AbstractReflectionConverter.instantiateNewInstance(AbstractReflectionConverter.java:428)
	at com.thoughtworks.xstream.converters.reflection.AbstractReflectionConverter.unmarshal(AbstractReflectionConverter.java:233)
	at com.thoughtworks.xstream.core.TreeUnmarshaller.convert(TreeUnmarshaller.java:72)
</errorStackTrace>
          <errorDetails>Cannot construct net.ssehub.easy.varModel.model.Project as it does not have a no-args constructor : Cannot construct net.ssehub.easy.varModel.model.Project as it does not have a no-args constructor
---- Debugging information ----
message             : Cannot construct net.ssehub.easy.varModel.model.Project as it does not have a no-args constructor
cause-exception     : com.thoughtworks.xstream.converters.reflection.ObjectAccessException
cause-message       : Cannot construct net.ssehub.easy.varModel.model.Project as it does not have a no-args constructor
class               : net.ssehub.easy.varModel.model.Project
required-type       : net.ssehub.easy.varModel.model.Project
converter-type      : com.thoughtworks.xstream.converters.reflection.ReflectionConverter
line number         : 1
class[1]            : java.util.ArrayList
converter-type[1]   : com.thoughtworks.xstream.converters.collections.CollectionConverter
version             : null
-------------------------------</errorDetails>
          <failedSince>38</failedSince>
        </case>
        <case>
          <duration>0.027</duration>
          <className>net.ssehub.easy.instantiation.serializer.xml.ExecuteQM2ModelFromXMLTest</className>
          <testName>testExecuteIVML</testName>
          <skipped>false</skipped>
          <errorStackTrace>com.thoughtworks.xstream.converters.ConversionException: Cannot construct net.ssehub.easy.varModel.model.Project as it does not have a no-args constructor : Cannot construct net.ssehub.easy.varModel.model.Project as it does not have a no-args constructor
---- Debugging information ----
message             : Cannot construct net.ssehub.easy.varModel.model.Project as it does not have a no-args constructor
cause-exception     : com.thoughtworks.xstream.converters.reflection.ObjectAccessException
cause-message       : Cannot construct net.ssehub.easy.varModel.model.Project as it does not have a no-args constructor
class               : net.ssehub.easy.varModel.model.Project
required-type       : net.ssehub.easy.varModel.model.Project
converter-type      : com.thoughtworks.xstream.converters.reflection.ReflectionConverter
line number         : 1
class[1]            : java.util.ArrayList
converter-type[1]   : com.thoughtworks.xstream.converters.collections.CollectionConverter
version             : null
-------------------------------
	at com.thoughtworks.xstream.core.TreeUnmarshaller.convert(TreeUnmarshaller.java:79)
	at com.thoughtworks.xstream.core.AbstractReferenceUnmarshaller.convert(AbstractReferenceUnmarshaller.java:65)
	at com.thoughtworks.xstream.core.TreeUnmarshaller.convertAnother(TreeUnmarshaller.java:66)
	at com.thoughtworks.xstream.core.TreeUnmarshaller.convertAnother(TreeUnmarshaller.java:50)
	at com.thoughtworks.xstream.converters.collections.AbstractCollectionConverter.readItem(AbstractCollectionConverter.java:71)
	at com.thoughtworks.xstream.converters.collections.CollectionConverter.addCurrentElementToCollection(CollectionConverter.java:79)
	at com.thoughtworks.xstream.converters.collections.CollectionConverter.populateCollection(CollectionConverter.java:72)
	at com.thoughtworks.xstream.converters.collections.CollectionConverter.populateCollection(CollectionConverter.java:66)
	at com.thoughtworks.xstream.converters.collections.CollectionConverter.unmarshal(CollectionConverter.java:61)
	at com.thoughtworks.xstream.core.TreeUnmarshaller.convert(TreeUnmarshaller.java:72)
	at com.thoughtworks.xstream.core.AbstractReferenceUnmarshaller.convert(AbstractReferenceUnmarshaller.java:65)
	at com.thoughtworks.xstream.core.TreeUnmarshaller.convertAnother(TreeUnmarshaller.java:66)
	at com.thoughtworks.xstream.core.TreeUnmarshaller.convertAnother(TreeUnmarshaller.java:50)
	at com.thoughtworks.xstream.core.TreeUnmarshaller.start(TreeUnmarshaller.java:134)
	at com.thoughtworks.xstream.core.AbstractTreeMarshallingStrategy.unmarshal(AbstractTreeMarshallingStrategy.java:32)
	at com.thoughtworks.xstream.XStream.unmarshal(XStream.java:1058)
	at com.thoughtworks.xstream.XStream.unmarshal(XStream.java:1042)
	at com.thoughtworks.xstream.XStream.fromXML(XStream.java:922)
	at net.ssehub.easy.instantiation.serializer.xml.XmlIo.read(XmlIo.java:174)
	at net.ssehub.easy.instantiation.serializer.xml.loader.IVMLModelLoader.scan(IVMLModelLoader.java:63)
	at net.ssehub.easy.basics.modelManagement.ModelLoaders.scanAll(ModelLoaders.java:54)
	at net.ssehub.easy.basics.modelManagement.ModelLocations.scan(ModelLocations.java:525)
	at net.ssehub.easy.basics.modelManagement.ModelManagement.updateModelInformation(ModelManagement.java:904)
	at net.ssehub.easy.basics.modelManagement.ModelManagement.updateModelInformation(ModelManagement.java:706)
	at net.ssehub.easy.basics.modelManagement.ModelRepository.updateModelInformation(ModelRepository.java:83)
	at net.ssehub.easy.basics.modelManagement.ModelLocations.addLocation(ModelLocations.java:368)
	at net.ssehub.easy.basics.modelManagement.ModelLocations.addLocation(ModelLocations.java:324)
	at net.ssehub.easy.instantiation.serializer.xml.ModelDeserializer.deserializeModel(ModelDeserializer.java:44)
	at net.ssehub.easy.instantiation.serializer.xml.ModelDeserializer.deserializeModel(ModelDeserializer.java:65)
	at net.ssehub.easy.instantiation.serializer.xml.ExecuteQM2ModelFromXMLTest.testExecuteIVML(ExecuteQM2ModelFromXMLTest.java:212)
	at org.eclipse.test.EclipseTestRunner.run(EclipseTestRunner.java:692)
	at org.eclipse.test.EclipseTestRunner.run(EclipseTestRunner.java:319)
	at org.eclipse.test.CoreTestApplication.runTests(CoreTestApplication.java:36)
	at org.eclipse.test.CoreTestApplication.run(CoreTestApplication.java:32)
	at org.eclipse.equinox.internal.app.EclipseAppContainer.callMethodWithException(EclipseAppContainer.java:587)
	at org.eclipse.equinox.internal.app.EclipseAppHandle.run(EclipseAppHandle.java:198)
	at org.eclipse.core.runtime.internal.adaptor.EclipseAppLauncher.runApplication(EclipseAppLauncher.java:134)
	at org.eclipse.core.runtime.internal.adaptor.EclipseAppLauncher.start(EclipseAppLauncher.java:104)
	at org.eclipse.core.runtime.adaptor.EclipseStarter.run(EclipseStarter.java:380)
	at org.eclipse.core.runtime.adaptor.EclipseStarter.run(EclipseStarter.java:235)
	at org.eclipse.equinox.launcher.Main.invokeFramework(Main.java:669)
	at org.eclipse.equinox.launcher.Main.basicRun(Main.java:608)
	at org.eclipse.equinox.launcher.Main.run(Main.java:1515)
	at org.eclipse.equinox.launcher.Main.main(Main.java:1488)
	at org.eclipse.core.launcher.Main.main(Main.java:34)
Caused by: com.thoughtworks.xstream.converters.reflection.ObjectAccessException: Cannot construct net.ssehub.easy.varModel.model.Project as it does not have a no-args constructor
	at com.thoughtworks.xstream.converters.reflection.PureJavaReflectionProvider.newInstance(PureJavaReflectionProvider.java:71)
	at com.thoughtworks.xstream.converters.reflection.AbstractReflectionConverter.instantiateNewInstance(AbstractReflectionConverter.java:428)
	at com.thoughtworks.xstream.converters.reflection.AbstractReflectionConverter.unmarshal(AbstractReflectionConverter.java:233)
	at com.thoughtworks.xstream.core.TreeUnmarshaller.convert(TreeUnmarshaller.java:72)
</errorStackTrace>
          <errorDetails>Cannot construct net.ssehub.easy.varModel.model.Project as it does not have a no-args constructor : Cannot construct net.ssehub.easy.varModel.model.Project as it does not have a no-args constructor
---- Debugging information ----
message             : Cannot construct net.ssehub.easy.varModel.model.Project as it does not have a no-args constructor
cause-exception     : com.thoughtworks.xstream.converters.reflection.ObjectAccessException
cause-message       : Cannot construct net.ssehub.easy.varModel.model.Project as it does not have a no-args constructor
class               : net.ssehub.easy.varModel.model.Project
required-type       : net.ssehub.easy.varModel.model.Project
converter-type      : com.thoughtworks.xstream.converters.reflection.ReflectionConverter
line number         : 1
class[1]            : java.util.ArrayList
converter-type[1]   : com.thoughtworks.xstream.converters.collections.CollectionConverter
version             : null
-------------------------------</errorDetails>
          <failedSince>38</failedSince>
        </case>
      </cases>
    </suite>
    <suite>
      <file>/var/lib/jenkins/workspace/EASy_Instantiation/junitResults/test.de.uni_hildesheim.sse.vil.buildlang.AllTests.xml</file>
      <name>test.de.uni_hildesheim.sse.vil.buildlang.AllTests</name>
      <stdout></stdout>
      <stderr></stderr>
      <duration>17.957</duration>
      <timestamp>2019-08-01T07:32:34</timestamp>
      <id>0</id>
      <time>17.957</time>
      <enclosingBlocks/>
      <enclosingBlockNames/>
      <cases>
        <case>
          <duration>0.054</duration>
          <className>test.de.uni_hildesheim.sse.vil.buildlang.BasicTests</className>
          <testName>testConstructorFail</testName>
          <skipped>false</skipped>
          <failedSince>0</failedSince>
        </case>
        <case>
          <duration>0.007</duration>
          <className>test.de.uni_hildesheim.sse.vil.buildlang.BasicTests</className>
          <testName>testRulesMissing</testName>
          <skipped>false</skipped>
          <failedSince>0</failedSince>
        </case>
        <case>
          <duration>0.025</duration>
          <className>test.de.uni_hildesheim.sse.vil.buildlang.BasicTests</className>
          <testName>testDuplicatedRuleFail</testName>
          <skipped>false</skipped>
          <failedSince>0</failedSince>
        </case>
        <case>
          <duration>0.008</duration>
          <className>test.de.uni_hildesheim.sse.vil.buildlang.BasicTests</className>
          <testName>testWhileLoopFail</testName>
          <skipped>false</skipped>
          <failedSince>0</failedSince>
        </case>
        <case>
          <duration>0.015</duration>
          <className>test.de.uni_hildesheim.sse.vil.buildlang.BasicTests</className>
          <testName>testVariableDeclarations</testName>
          <skipped>false</skipped>
          <failedSince>0</failedSince>
        </case>
        <case>
          <duration>0.043</duration>
          <className>test.de.uni_hildesheim.sse.vil.buildlang.BasicTests</className>
          <testName>testVtl</testName>
          <skipped>false</skipped>
          <failedSince>0</failedSince>
        </case>
        <case>
          <duration>0.008</duration>
          <className>test.de.uni_hildesheim.sse.vil.buildlang.BasicTests</className>
          <testName>testWhileLoop</testName>
          <skipped>false</skipped>
          <failedSince>0</failedSince>
        </case>
        <case>
          <duration>0.01</duration>
          <className>test.de.uni_hildesheim.sse.vil.buildlang.BasicTests</className>
          <testName>testRules</testName>
          <skipped>false</skipped>
          <failedSince>0</failedSince>
        </case>
        <case>
          <duration>0.011</duration>
          <className>test.de.uni_hildesheim.sse.vil.buildlang.BasicTests</className>
          <testName>testCopy</testName>
          <skipped>false</skipped>
          <failedSince>0</failedSince>
        </case>
        <case>
          <duration>0.003</duration>
          <className>test.de.uni_hildesheim.sse.vil.buildlang.BasicTests</className>
          <testName>testLoadProperties</testName>
          <skipped>false</skipped>
          <failedSince>0</failedSince>
        </case>
        <case>
          <duration>0.002</duration>
          <className>test.de.uni_hildesheim.sse.vil.buildlang.BasicTests</className>
          <testName>testProject</testName>
          <skipped>false</skipped>
          <failedSince>0</failedSince>
        </case>
        <case>
          <duration>0.005</duration>
          <className>test.de.uni_hildesheim.sse.vil.buildlang.BasicTests</className>
          <testName>testRulesDuplicated</testName>
          <skipped>false</skipped>
          <failedSince>0</failedSince>
        </case>
        <case>
          <duration>0.017</duration>
          <className>test.de.uni_hildesheim.sse.vil.buildlang.BasicTests</className>
          <testName>testForInstantiator</testName>
          <skipped>false</skipped>
          <failedSince>0</failedSince>
        </case>
        <case>
          <duration>0.003</duration>
          <className>test.de.uni_hildesheim.sse.vil.buildlang.BasicTests</className>
          <testName>testVariableDeclarationsFail1</testName>
          <skipped>false</skipped>
          <failedSince>0</failedSince>
        </case>
        <case>
          <duration>0.003</duration>
          <className>test.de.uni_hildesheim.sse.vil.buildlang.BasicTests</className>
          <testName>testVariableDeclarationsFail2</testName>
          <skipped>false</skipped>
          <failedSince>0</failedSince>
        </case>
        <case>
          <duration>0.002</duration>
          <className>test.de.uni_hildesheim.sse.vil.buildlang.BasicTests</className>
          <testName>testVariableDeclarationsFail3</testName>
          <skipped>false</skipped>
          <failedSince>0</failedSince>
        </case>
        <case>
          <duration>0.005</duration>
          <className>test.de.uni_hildesheim.sse.vil.buildlang.BasicTests</className>
          <testName>testVariableDeclarationsFail4</testName>
          <skipped>false</skipped>
          <failedSince>0</failedSince>
        </case>
        <case>
          <duration>0.006</duration>
          <className>test.de.uni_hildesheim.sse.vil.buildlang.BasicTests</className>
          <testName>testVersion</testName>
          <skipped>false</skipped>
          <failedSince>0</failedSince>
        </case>
        <case>
          <duration>0.008</duration>
          <className>test.de.uni_hildesheim.sse.vil.buildlang.BasicTests</className>
          <testName>testProtected</testName>
          <skipped>false</skipped>
          <failedSince>0</failedSince>
        </case>
        <case>
          <duration>0.005</duration>
          <className>test.de.uni_hildesheim.sse.vil.buildlang.BasicTests</className>
          <testName>testSetsSequences</testName>
          <skipped>false</skipped>
          <failedSince>0</failedSince>
        </case>
        <case>
          <duration>0.005</duration>
          <className>test.de.uni_hildesheim.sse.vil.buildlang.BasicTests</className>
          <testName>testVariableDeclarations2</testName>
          <skipped>false</skipped>
          <failedSince>0</failedSince>
        </case>
        <case>
          <duration>0.011</duration>
          <className>test.de.uni_hildesheim.sse.vil.buildlang.BasicTests</className>
          <testName>testMapInstantiator</testName>
          <skipped>false</skipped>
          <failedSince>0</failedSince>
        </case>
        <case>
          <duration>0.012</duration>
          <className>test.de.uni_hildesheim.sse.vil.buildlang.BasicTests</className>
          <testName>testForCollection</testName>
          <skipped>false</skipped>
          <failedSince>0</failedSince>
        </case>
        <case>
          <duration>0.036</duration>
          <className>test.de.uni_hildesheim.sse.vil.buildlang.BasicTests</className>
          <testName>testOutdated</testName>
          <skipped>false</skipped>
          <failedSince>0</failedSince>
        </case>
        <case>
          <duration>0.008</duration>
          <className>test.de.uni_hildesheim.sse.vil.buildlang.BasicTests</className>
          <testName>testMapJoin1</testName>
          <skipped>false</skipped>
          <failedSince>0</failedSince>
        </case>
        <case>
          <duration>0.006</duration>
          <className>test.de.uni_hildesheim.sse.vil.buildlang.BasicTests</className>
          <testName>testMapJoin2</testName>
          <skipped>false</skipped>
          <failedSince>0</failedSince>
        </case>
        <case>
          <duration>0.006</duration>
          <className>test.de.uni_hildesheim.sse.vil.buildlang.BasicTests</className>
          <testName>testMapJoin3</testName>
          <skipped>false</skipped>
          <failedSince>0</failedSince>
        </case>
        <case>
          <duration>0.009</duration>
          <className>test.de.uni_hildesheim.sse.vil.buildlang.BasicTests</className>
          <testName>testMapJoin4</testName>
          <skipped>false</skipped>
          <failedSince>0</failedSince>
        </case>
        <case>
          <duration>0.009</duration>
          <className>test.de.uni_hildesheim.sse.vil.buildlang.BasicTests</className>
          <testName>testMapJoin5</testName>
          <skipped>false</skipped>
          <failedSince>0</failedSince>
        </case>
        <case>
          <duration>0.007</duration>
          <className>test.de.uni_hildesheim.sse.vil.buildlang.BasicTests</className>
          <testName>testMapJoin6</testName>
          <skipped>false</skipped>
          <failedSince>0</failedSince>
        </case>
        <case>
          <duration>0.008</duration>
          <className>test.de.uni_hildesheim.sse.vil.buildlang.BasicTests</className>
          <testName>testDerived</testName>
          <skipped>false</skipped>
          <failedSince>0</failedSince>
        </case>
        <case>
          <duration>0.009</duration>
          <className>test.de.uni_hildesheim.sse.vil.buildlang.BasicTests</className>
          <testName>testTypedRule</testName>
          <skipped>false</skipped>
          <failedSince>0</failedSince>
        </case>
        <case>
          <duration>0.01</duration>
          <className>test.de.uni_hildesheim.sse.vil.buildlang.BasicTests</className>
          <testName>testTypedRuleFail1</testName>
          <skipped>false</skipped>
          <failedSince>0</failedSince>
        </case>
        <case>
          <duration>0.004</duration>
          <className>test.de.uni_hildesheim.sse.vil.buildlang.BasicTests</className>
          <testName>testTypedRuleFail2</testName>
          <skipped>false</skipped>
          <failedSince>0</failedSince>
        </case>
        <case>
          <duration>0.005</duration>
          <className>test.de.uni_hildesheim.sse.vil.buildlang.BasicTests</className>
          <testName>testAlternativeDeclaration</testName>
          <skipped>false</skipped>
          <failedSince>0</failedSince>
        </case>
        <case>
          <duration>0.011</duration>
          <className>test.de.uni_hildesheim.sse.vil.buildlang.BasicTests</className>
          <testName>testImport</testName>
          <skipped>false</skipped>
          <failedSince>0</failedSince>
        </case>
        <case>
          <duration>0.006</duration>
          <className>test.de.uni_hildesheim.sse.vil.buildlang.BasicTests</className>
          <testName>testRuleCall</testName>
          <skipped>false</skipped>
          <failedSince>0</failedSince>
        </case>
        <case>
          <duration>0.018</duration>
          <className>test.de.uni_hildesheim.sse.vil.buildlang.BasicTests</className>
          <testName>testImport2</testName>
          <skipped>false</skipped>
          <failedSince>0</failedSince>
        </case>
        <case>
          <duration>0.004</duration>
          <className>test.de.uni_hildesheim.sse.vil.buildlang.BasicTests</className>
          <testName>testImport4</testName>
          <skipped>false</skipped>
          <failedSince>0</failedSince>
        </case>
        <case>
          <duration>0.003</duration>
          <className>test.de.uni_hildesheim.sse.vil.buildlang.BasicTests</className>
          <testName>testImport5</testName>
          <skipped>false</skipped>
          <failedSince>0</failedSince>
        </case>
        <case>
          <duration>0.01</duration>
          <className>test.de.uni_hildesheim.sse.vil.buildlang.BasicTests</className>
          <testName>testImport6</testName>
          <skipped>false</skipped>
          <failedSince>0</failedSince>
        </case>
        <case>
          <duration>0.019</duration>
          <className>test.de.uni_hildesheim.sse.vil.buildlang.BasicTests</className>
          <testName>testImport7</testName>
          <skipped>false</skipped>
          <failedSince>0</failedSince>
        </case>
        <case>
          <duration>0.017</duration>
          <className>test.de.uni_hildesheim.sse.vil.buildlang.BasicTests</className>
          <testName>testInstantiate</testName>
          <skipped>false</skipped>
          <failedSince>0</failedSince>
        </case>
        <case>
          <duration>0.011</duration>
          <className>test.de.uni_hildesheim.sse.vil.buildlang.BasicTests</className>
          <testName>testRules2</testName>
          <skipped>false</skipped>
          <failedSince>0</failedSince>
        </case>
        <case>
          <duration>0.016</duration>
          <className>test.de.uni_hildesheim.sse.vil.buildlang.BasicTests</className>
          <testName>testNestedTypes</testName>
          <skipped>false</skipped>
          <failedSince>0</failedSince>
        </case>
        <case>
          <duration>0.007</duration>
          <className>test.de.uni_hildesheim.sse.vil.buildlang.BasicTests</className>
          <testName>testTypeSelect2</testName>
          <skipped>false</skipped>
          <failedSince>0</failedSince>
        </case>
        <case>
          <duration>0.007</duration>
          <className>test.de.uni_hildesheim.sse.vil.buildlang.BasicTests</className>
          <testName>testTypeSelect3</testName>
          <skipped>false</skipped>
          <failedSince>0</failedSince>
        </case>
        <case>
          <duration>0.003</duration>
          <className>test.de.uni_hildesheim.sse.vil.buildlang.BasicTests</className>
          <testName>testConstructor</testName>
          <skipped>false</skipped>
          <failedSince>0</failedSince>
        </case>
        <case>
          <duration>0.006</duration>
          <className>test.de.uni_hildesheim.sse.vil.buildlang.BasicTests</className>
          <testName>testTypeSelect</testName>
          <skipped>false</skipped>
          <failedSince>0</failedSince>
        </case>
        <case>
          <duration>0.658</duration>
          <className>test.de.uni_hildesheim.sse.vil.buildlang.ExecutionTests</className>
          <testName>testAllInstances</testName>
          <skipped>false</skipped>
          <failedSince>0</failedSince>
        </case>
        <case>
          <duration>0.006</duration>
          <className>test.de.uni_hildesheim.sse.vil.buildlang.ExecutionTests</className>
          <testName>testSimpleRules</testName>
          <skipped>false</skipped>
          <failedSince>0</failedSince>
        </case>
        <case>
          <duration>0.247</duration>
          <className>test.de.uni_hildesheim.sse.vil.buildlang.ExecutionTests</className>
          <testName>testConditionalRules2</testName>
          <skipped>false</skipped>
          <failedSince>0</failedSince>
        </case>
        <case>
          <duration>0.104</duration>
          <className>test.de.uni_hildesheim.sse.vil.buildlang.ExecutionTests</className>
          <testName>testGenerics</testName>
          <skipped>false</skipped>
          <failedSince>0</failedSince>
        </case>
        <case>
          <duration>0.097</duration>
          <className>test.de.uni_hildesheim.sse.vil.buildlang.ExecutionTests</className>
          <testName>testImplicitConversion</testName>
          <skipped>false</skipped>
          <failedSince>0</failedSince>
        </case>
        <case>
          <duration>0.023</duration>
          <className>test.de.uni_hildesheim.sse.vil.buildlang.ExecutionTests</className>
          <testName>testVariableDeclarations</testName>
          <skipped>false</skipped>
          <failedSince>0</failedSince>
        </case>
        <case>
          <duration>0.011</duration>
          <className>test.de.uni_hildesheim.sse.vil.buildlang.ExecutionTests</className>
          <testName>testCollections2</testName>
          <skipped>false</skipped>
          <failedSince>0</failedSince>
        </case>
        <case>
          <duration>0.055</duration>
          <className>test.de.uni_hildesheim.sse.vil.buildlang.ExecutionTests</className>
          <testName>testBooleans</testName>
          <skipped>false</skipped>
          <failedSince>0</failedSince>
        </case>
        <case>
          <duration>0.128</duration>
          <className>test.de.uni_hildesheim.sse.vil.buildlang.ExecutionTests</className>
          <testName>testFileArtifact</testName>
          <skipped>false</skipped>
          <failedSince>0</failedSince>
        </case>
        <case>
          <duration>0.033</duration>
          <className>test.de.uni_hildesheim.sse.vil.buildlang.ExecutionTests</className>
          <testName>testMap</testName>
          <skipped>false</skipped>
          <failedSince>0</failedSince>
        </case>
        <case>
          <duration>0.129</duration>
          <className>test.de.uni_hildesheim.sse.vil.buildlang.ExecutionTests</className>
          <testName>testPL3</testName>
          <skipped>false</skipped>
          <failedSince>0</failedSince>
        </case>
        <case>
          <duration>0.376</duration>
          <className>test.de.uni_hildesheim.sse.vil.buildlang.ExecutionTests</className>
          <testName>testVtl</testName>
          <skipped>false</skipped>
          <failedSince>0</failedSince>
        </case>
        <case>
          <duration>0.127</duration>
          <className>test.de.uni_hildesheim.sse.vil.buildlang.ExecutionTests</className>
          <testName>testZip</testName>
          <skipped>false</skipped>
          <failedSince>0</failedSince>
        </case>
        <case>
          <duration>0.128</duration>
          <className>test.de.uni_hildesheim.sse.vil.buildlang.ExecutionTests</className>
          <testName>testConditionalRules</testName>
          <skipped>false</skipped>
          <failedSince>0</failedSince>
        </case>
        <case>
          <duration>0.118</duration>
          <className>test.de.uni_hildesheim.sse.vil.buildlang.ExecutionTests</className>
          <testName>testWhileLoop</testName>
          <skipped>false</skipped>
          <failedSince>0</failedSince>
        </case>
        <case>
          <duration>0.041</duration>
          <className>test.de.uni_hildesheim.sse.vil.buildlang.ExecutionTests</className>
          <testName>testApply</testName>
          <skipped>false</skipped>
          <failedSince>0</failedSince>
        </case>
        <case>
          <duration>0.09</duration>
          <className>test.de.uni_hildesheim.sse.vil.buildlang.ExecutionTests</className>
          <testName>testCast1</testName>
          <skipped>false</skipped>
          <failedSince>0</failedSince>
        </case>
        <case>
          <duration>0.098</duration>
          <className>test.de.uni_hildesheim.sse.vil.buildlang.ExecutionTests</className>
          <testName>testCopy2</testName>
          <skipped>false</skipped>
          <failedSince>0</failedSince>
        </case>
        <case>
          <duration>0.105</duration>
          <className>test.de.uni_hildesheim.sse.vil.buildlang.ExecutionTests</className>
          <testName>testJoin1</testName>
          <skipped>false</skipped>
          <failedSince>0</failedSince>
        </case>
        <case>
          <duration>0.075</duration>
          <className>test.de.uni_hildesheim.sse.vil.buildlang.ExecutionTests</className>
          <testName>testJoin2</testName>
          <skipped>false</skipped>
          <failedSince>0</failedSince>
        </case>
        <case>
          <duration>0.081</duration>
          <className>test.de.uni_hildesheim.sse.vil.buildlang.ExecutionTests</className>
          <testName>testJoin3</testName>
          <skipped>false</skipped>
          <failedSince>0</failedSince>
        </case>
        <case>
          <duration>0.108</duration>
          <className>test.de.uni_hildesheim.sse.vil.buildlang.ExecutionTests</className>
          <testName>testJoin4</testName>
          <skipped>false</skipped>
          <failedSince>0</failedSince>
        </case>
        <case>
          <duration>0.22</duration>
          <className>test.de.uni_hildesheim.sse.vil.buildlang.ExecutionTests</className>
          <testName>testTypes</testName>
          <skipped>false</skipped>
          <failedSince>0</failedSince>
        </case>
        <case>
          <duration>0.085</duration>
          <className>test.de.uni_hildesheim.sse.vil.buildlang.ExecutionTests</className>
          <testName>testCopy</testName>
          <skipped>false</skipped>
          <failedSince>0</failedSince>
        </case>
        <case>
          <duration>0.118</duration>
          <className>test.de.uni_hildesheim.sse.vil.buildlang.ExecutionTests</className>
          <testName>testEnum</testName>
          <skipped>false</skipped>
          <failedSince>0</failedSince>
        </case>
        <case>
          <duration>0.004</duration>
          <className>test.de.uni_hildesheim.sse.vil.buildlang.ExecutionTests</className>
          <testName>testMap1</testName>
          <skipped>false</skipped>
          <failedSince>0</failedSince>
        </case>
        <case>
          <duration>0.093</duration>
          <className>test.de.uni_hildesheim.sse.vil.buildlang.ExecutionTests</className>
          <testName>testNull</testName>
          <skipped>false</skipped>
          <failedSince>0</failedSince>
        </case>
        <case>
          <duration>0.071</duration>
          <className>test.de.uni_hildesheim.sse.vil.buildlang.ExecutionTests</className>
          <testName>testText</testName>
          <skipped>false</skipped>
          <failedSince>0</failedSince>
        </case>
        <case>
          <duration>0.091</duration>
          <className>test.de.uni_hildesheim.sse.vil.buildlang.ExecutionTests</className>
          <testName>testVtl1</testName>
          <skipped>false</skipped>
          <failedSince>0</failedSince>
        </case>
        <case>
          <duration>0.185</duration>
          <className>test.de.uni_hildesheim.sse.vil.buildlang.ExecutionTests</className>
          <testName>testVtl2</testName>
          <skipped>false</skipped>
          <failedSince>0</failedSince>
        </case>
        <case>
          <duration>0.101</duration>
          <className>test.de.uni_hildesheim.sse.vil.buildlang.ExecutionTests</className>
          <testName>testVtl3</testName>
          <skipped>false</skipped>
          <failedSince>0</failedSince>
        </case>
        <case>
          <duration>0.073</duration>
          <className>test.de.uni_hildesheim.sse.vil.buildlang.ExecutionTests</className>
          <testName>testVtl4</testName>
          <skipped>false</skipped>
          <failedSince>0</failedSince>
        </case>
        <case>
          <duration>0.082</duration>
          <className>test.de.uni_hildesheim.sse.vil.buildlang.ExecutionTests</className>
          <testName>testVtl5</testName>
          <skipped>false</skipped>
          <failedSince>0</failedSince>
        </case>
        <case>
          <duration>0.065</duration>
          <className>test.de.uni_hildesheim.sse.vil.buildlang.ExecutionTests</className>
          <testName>testXML1</testName>
          <skipped>false</skipped>
          <failedSince>0</failedSince>
        </case>
        <case>
          <duration>0.084</duration>
          <className>test.de.uni_hildesheim.sse.vil.buildlang.ExecutionTests</className>
          <testName>testXML2</testName>
          <skipped>false</skipped>
          <failedSince>0</failedSince>
        </case>
        <case>
          <duration>0.016</duration>
          <className>test.de.uni_hildesheim.sse.vil.buildlang.ExecutionTests</className>
          <testName>testLoadProperties</testName>
          <skipped>false</skipped>
          <failedSince>0</failedSince>
        </case>
        <case>
          <duration>0.003</duration>
          <className>test.de.uni_hildesheim.sse.vil.buildlang.ExecutionTests</className>
          <testName>testScriptParameter</testName>
          <skipped>false</skipped>
          <failedSince>0</failedSince>
        </case>
        <case>
          <duration>0.11</duration>
          <className>test.de.uni_hildesheim.sse.vil.buildlang.ExecutionTests</className>
          <testName>testSequences1</testName>
          <skipped>false</skipped>
          <failedSince>0</failedSince>
        </case>
        <case>
          <duration>0.017</duration>
          <className>test.de.uni_hildesheim.sse.vil.buildlang.ExecutionTests</className>
          <testName>testAlternative</testName>
          <skipped>false</skipped>
          <failedSince>0</failedSince>
        </case>
        <case>
          <duration>0.016</duration>
          <className>test.de.uni_hildesheim.sse.vil.buildlang.ExecutionTests</className>
          <testName>testAlternative1</testName>
          <skipped>false</skipped>
          <failedSince>0</failedSince>
        </case>
        <case>
          <duration>0.007</duration>
          <className>test.de.uni_hildesheim.sse.vil.buildlang.ExecutionTests</className>
          <testName>testAlternative2</testName>
          <skipped>false</skipped>
          <failedSince>0</failedSince>
        </case>
        <case>
          <duration>0.084</duration>
          <className>test.de.uni_hildesheim.sse.vil.buildlang.ExecutionTests</className>
          <testName>testStoreArtifact1</testName>
          <skipped>false</skipped>
          <failedSince>0</failedSince>
        </case>
        <case>
          <duration>0.069</duration>
          <className>test.de.uni_hildesheim.sse.vil.buildlang.ExecutionTests</className>
          <testName>testStoreArtifact2</testName>
          <skipped>false</skipped>
          <failedSince>0</failedSince>
        </case>
        <case>
          <duration>0.072</duration>
          <className>test.de.uni_hildesheim.sse.vil.buildlang.ExecutionTests</className>
          <testName>testSequences</testName>
          <skipped>false</skipped>
          <failedSince>0</failedSince>
        </case>
        <case>
          <duration>0.005</duration>
          <className>test.de.uni_hildesheim.sse.vil.buildlang.ExecutionTests</className>
          <testName>testSimpleRules3</testName>
          <skipped>false</skipped>
          <failedSince>0</failedSince>
        </case>
        <case>
          <duration>0.005</duration>
          <className>test.de.uni_hildesheim.sse.vil.buildlang.ExecutionTests</className>
          <testName>testSimpleRules4</testName>
          <skipped>false</skipped>
          <failedSince>0</failedSince>
        </case>
        <case>
          <duration>0.023</duration>
          <className>test.de.uni_hildesheim.sse.vil.buildlang.ExecutionTests</className>
          <testName>testSimpleRules5</testName>
          <skipped>false</skipped>
          <failedSince>0</failedSince>
        </case>
        <case>
          <duration>0.008</duration>
          <className>test.de.uni_hildesheim.sse.vil.buildlang.ExecutionTests</className>
          <testName>testSimpleRules6</testName>
          <skipped>false</skipped>
          <failedSince>0</failedSince>
        </case>
        <case>
          <duration>0.009</duration>
          <className>test.de.uni_hildesheim.sse.vil.buildlang.ExecutionTests</className>
          <testName>testSimpleRules7</testName>
          <skipped>false</skipped>
          <failedSince>0</failedSince>
        </case>
        <case>
          <duration>0.082</duration>
          <className>test.de.uni_hildesheim.sse.vil.buildlang.ExecutionTests</className>
          <testName>testMapIterator</testName>
          <skipped>false</skipped>
          <failedSince>0</failedSince>
        </case>
        <case>
          <duration>0.069</duration>
          <className>test.de.uni_hildesheim.sse.vil.buildlang.ExecutionTests</className>
          <testName>testCollectionReturn2</testName>
          <skipped>false</skipped>
          <failedSince>0</failedSince>
        </case>
        <case>
          <duration>0.097</duration>
          <className>test.de.uni_hildesheim.sse.vil.buildlang.ExecutionTests</className>
          <testName>testBooleanRule2</testName>
          <skipped>false</skipped>
          <failedSince>0</failedSince>
        </case>
        <case>
          <duration>0.059</duration>
          <className>test.de.uni_hildesheim.sse.vil.buildlang.ExecutionTests</className>
          <testName>testImplicitVars</testName>
          <skipped>false</skipped>
          <failedSince>0</failedSince>
        </case>
        <case>
          <duration>0.198</duration>
          <className>test.de.uni_hildesheim.sse.vil.buildlang.ExecutionTests</className>
          <testName>testProtected</testName>
          <skipped>false</skipped>
          <failedSince>0</failedSince>
        </case>
        <case>
          <duration>0.005</duration>
          <className>test.de.uni_hildesheim.sse.vil.buildlang.ExecutionTests</className>
          <testName>testVariableDeclarations2</testName>
          <skipped>false</skipped>
          <failedSince>0</failedSince>
        </case>
        <case>
          <duration>0.007</duration>
          <className>test.de.uni_hildesheim.sse.vil.buildlang.ExecutionTests</className>
          <testName>testFunction2</testName>
          <skipped>false</skipped>
          <failedSince>0</failedSince>
        </case>
        <case>
          <duration>0.009</duration>
          <className>test.de.uni_hildesheim.sse.vil.buildlang.ExecutionTests</className>
          <testName>testFunction3</testName>
          <skipped>false</skipped>
          <failedSince>0</failedSince>
        </case>
        <case>
          <duration>0.064</duration>
          <className>test.de.uni_hildesheim.sse.vil.buildlang.ExecutionTests</className>
          <testName>testRecursiveCopyOnInclusionPattern</testName>
          <skipped>false</skipped>
          <failedSince>0</failedSince>
        </case>
        <case>
          <duration>0.086</duration>
          <className>test.de.uni_hildesheim.sse.vil.buildlang.ExecutionTests</className>
          <testName>testRename1</testName>
          <skipped>false</skipped>
          <failedSince>0</failedSince>
        </case>
        <case>
          <duration>0.063</duration>
          <className>test.de.uni_hildesheim.sse.vil.buildlang.ExecutionTests</className>
          <testName>testTmpFolder</testName>
          <skipped>false</skipped>
          <failedSince>0</failedSince>
        </case>
        <case>
          <duration>0.006</duration>
          <className>test.de.uni_hildesheim.sse.vil.buildlang.ExecutionTests</className>
          <testName>testLoadPropertiesFail</testName>
          <skipped>false</skipped>
          <failedSince>0</failedSince>
        </case>
        <case>
          <duration>0.066</duration>
          <className>test.de.uni_hildesheim.sse.vil.buildlang.ExecutionTests</className>
          <testName>testWhileLoop1</testName>
          <skipped>false</skipped>
          <failedSince>0</failedSince>
        </case>
        <case>
          <duration>0.23</duration>
          <className>test.de.uni_hildesheim.sse.vil.buildlang.ExecutionTests</className>
          <testName>testCollections</testName>
          <skipped>false</skipped>
          <failedSince>0</failedSince>
        </case>
        <case>
          <duration>0.033</duration>
          <className>test.de.uni_hildesheim.sse.vil.buildlang.ExecutionTests</className>
          <testName>testApply2</testName>
          <skipped>false</skipped>
          <failedSince>0</failedSince>
        </case>
        <case>
          <duration>0.014</duration>
          <className>test.de.uni_hildesheim.sse.vil.buildlang.ExecutionTests</className>
          <testName>testApply3</testName>
          <skipped>false</skipped>
          <failedSince>0</failedSince>
        </case>
        <case>
          <duration>0.013</duration>
          <className>test.de.uni_hildesheim.sse.vil.buildlang.ExecutionTests</className>
          <testName>testApply4</testName>
          <skipped>false</skipped>
          <failedSince>0</failedSince>
        </case>
        <case>
          <duration>0.068</duration>
          <className>test.de.uni_hildesheim.sse.vil.buildlang.ExecutionTests</className>
          <testName>testCollectionReturn</testName>
          <skipped>false</skipped>
          <failedSince>0</failedSince>
        </case>
        <case>
          <duration>0.109</duration>
          <className>test.de.uni_hildesheim.sse.vil.buildlang.ExecutionTests</className>
          <testName>testGraph1</testName>
          <skipped>false</skipped>
          <failedSince>0</failedSince>
        </case>
        <case>
          <duration>0.072</duration>
          <className>test.de.uni_hildesheim.sse.vil.buildlang.ExecutionTests</className>
          <testName>testMapNested</testName>
          <skipped>false</skipped>
          <failedSince>0</failedSince>
        </case>
        <case>
          <duration>0.067</duration>
          <className>test.de.uni_hildesheim.sse.vil.buildlang.ExecutionTests</className>
          <testName>testNewText</testName>
          <skipped>false</skipped>
          <failedSince>0</failedSince>
        </case>
        <case>
          <duration>0.077</duration>
          <className>test.de.uni_hildesheim.sse.vil.buildlang.ExecutionTests</className>
          <testName>testInstantiate</testName>
          <skipped>false</skipped>
          <failedSince>0</failedSince>
        </case>
        <case>
          <duration>0.066</duration>
          <className>test.de.uni_hildesheim.sse.vil.buildlang.ExecutionTests</className>
          <testName>testMapSimple</testName>
          <skipped>false</skipped>
          <failedSince>0</failedSince>
        </case>
        <case>
          <duration>0.005</duration>
          <className>test.de.uni_hildesheim.sse.vil.buildlang.ExecutionTests</className>
          <testName>testRandom</testName>
          <skipped>false</skipped>
          <failedSince>0</failedSince>
        </case>
        <case>
          <duration>0.068</duration>
          <className>test.de.uni_hildesheim.sse.vil.buildlang.ExecutionTests</className>
          <testName>testRename</testName>
          <skipped>false</skipped>
          <failedSince>0</failedSince>
        </case>
        <case>
          <duration>0.022</duration>
          <className>test.de.uni_hildesheim.sse.vil.buildlang.ExecutionTests</className>
          <testName>testRules2</testName>
          <skipped>false</skipped>
          <failedSince>0</failedSince>
        </case>
        <case>
          <duration>0.027</duration>
          <className>test.de.uni_hildesheim.sse.vil.buildlang.ExecutionTests</className>
          <testName>testRules4</testName>
          <skipped>false</skipped>
          <failedSince>0</failedSince>
        </case>
        <case>
          <duration>0.064</duration>
          <className>test.de.uni_hildesheim.sse.vil.buildlang.ExecutionTests</className>
          <testName>testForIterator</testName>
          <skipped>false</skipped>
          <failedSince>0</failedSince>
        </case>
        <case>
          <duration>0.068</duration>
          <className>test.de.uni_hildesheim.sse.vil.buildlang.ExecutionTests</className>
          <testName>testExtendedPL</testName>
          <skipped>false</skipped>
          <failedSince>0</failedSince>
        </case>
        <case>
          <duration>0.12</duration>
          <className>test.de.uni_hildesheim.sse.vil.buildlang.ExecutionTests</className>
          <testName>testTypes2</testName>
          <skipped>false</skipped>
          <failedSince>0</failedSince>
        </case>
        <case>
          <duration>0.073</duration>
          <className>test.de.uni_hildesheim.sse.vil.buildlang.ExecutionTests</className>
          <testName>testBooleanRule</testName>
          <skipped>false</skipped>
          <failedSince>0</failedSince>
        </case>
        <case>
          <duration>0.04</duration>
          <className>test.de.uni_hildesheim.sse.vil.buildlang.ExecutionTests</className>
          <testName>testRecursion</testName>
          <skipped>false</skipped>
          <failedSince>0</failedSince>
        </case>
        <case>
          <duration>0.096</duration>
          <className>test.de.uni_hildesheim.sse.vil.buildlang.ExecutionTests</className>
          <testName>testSorting</testName>
          <skipped>false</skipped>
          <failedSince>0</failedSince>
        </case>
        <case>
          <duration>0.052</duration>
          <className>test.de.uni_hildesheim.sse.vil.buildlang.ExecutionTests</className>
          <testName>testNumbers</testName>
          <skipped>false</skipped>
          <failedSince>0</failedSince>
        </case>
        <case>
          <duration>0.013</duration>
          <className>test.de.uni_hildesheim.sse.vil.buildlang.ExecutionTests</className>
          <testName>testLoadPropertiesOS</testName>
          <skipped>false</skipped>
          <failedSince>0</failedSince>
        </case>
        <case>
          <duration>0.033</duration>
          <className>test.de.uni_hildesheim.sse.vil.buildlang.ExecutionTests</className>
          <testName>testStrings</testName>
          <skipped>false</skipped>
          <failedSince>0</failedSince>
        </case>
        <case>
          <duration>0.093</duration>
          <className>test.de.uni_hildesheim.sse.vil.buildlang.ExecutionTests</className>
          <testName>testTypeSelect2</testName>
          <skipped>false</skipped>
          <failedSince>0</failedSince>
        </case>
        <case>
          <duration>0.083</duration>
          <className>test.de.uni_hildesheim.sse.vil.buildlang.ExecutionTests</className>
          <testName>testTypeSelect3</testName>
          <skipped>false</skipped>
          <failedSince>0</failedSince>
        </case>
        <case>
          <duration>0.061</duration>
          <className>test.de.uni_hildesheim.sse.vil.buildlang.ExecutionTests</className>
          <testName>testConstructor</testName>
          <skipped>false</skipped>
          <failedSince>0</failedSince>
        </case>
        <case>
          <duration>0.029</duration>
          <className>test.de.uni_hildesheim.sse.vil.buildlang.ExecutionTests</className>
          <testName>testFunction</testName>
          <skipped>false</skipped>
          <failedSince>0</failedSince>
        </case>
        <case>
          <duration>0.073</duration>
          <className>test.de.uni_hildesheim.sse.vil.buildlang.ExecutionTests</className>
          <testName>testTypeSelect</testName>
          <skipped>false</skipped>
          <failedSince>0</failedSince>
        </case>
      </cases>
    </suite>
    <suite>
      <file>/var/lib/jenkins/workspace/EASy_Instantiation/junitResults/test.de.uni_hildesheim.sse.vil.templatelang.AllTests.xml</file>
      <name>test.de.uni_hildesheim.sse.vil.templatelang.AllTests</name>
      <stdout></stdout>
      <stderr></stderr>
      <duration>13.095</duration>
      <timestamp>2019-08-01T07:33:01</timestamp>
      <id>0</id>
      <time>13.095</time>
      <enclosingBlocks/>
      <enclosingBlockNames/>
      <cases>
        <case>
          <duration>0.051</duration>
          <className>test.de.uni_hildesheim.sse.vil.templatelang.BasicTests</className>
          <testName>testWhileLoopFail</testName>
          <skipped>false</skipped>
          <failedSince>0</failedSince>
        </case>
        <case>
          <duration>0.008</duration>
          <className>test.de.uni_hildesheim.sse.vil.templatelang.BasicTests</className>
          <testName>testParameter</testName>
          <skipped>false</skipped>
          <failedSince>0</failedSince>
        </case>
        <case>
          <duration>0.017</duration>
          <className>test.de.uni_hildesheim.sse.vil.templatelang.BasicTests</className>
          <testName>testCompoundFail</testName>
          <skipped>false</skipped>
          <failedSince>0</failedSince>
        </case>
        <case>
          <duration>0.015</duration>
          <className>test.de.uni_hildesheim.sse.vil.templatelang.BasicTests</className>
          <testName>testJavaExtension</testName>
          <skipped>false</skipped>
          <failedSince>0</failedSince>
        </case>
        <case>
          <duration>0.004</duration>
          <className>test.de.uni_hildesheim.sse.vil.templatelang.BasicTests</className>
          <testName>testImportCycle1</testName>
          <skipped>false</skipped>
          <failedSince>0</failedSince>
        </case>
        <case>
          <duration>0.004</duration>
          <className>test.de.uni_hildesheim.sse.vil.templatelang.BasicTests</className>
          <testName>testImportCycle2</testName>
          <skipped>false</skipped>
          <failedSince>0</failedSince>
        </case>
        <case>
          <duration>0.004</duration>
          <className>test.de.uni_hildesheim.sse.vil.templatelang.BasicTests</className>
          <testName>testDef</testName>
          <skipped>false</skipped>
          <failedSince>0</failedSince>
        </case>
        <case>
          <duration>0.005</duration>
          <className>test.de.uni_hildesheim.sse.vil.templatelang.BasicTests</className>
          <testName>testDuplicatedDef2</testName>
          <skipped>false</skipped>
          <failedSince>0</failedSince>
        </case>
        <case>
          <duration>0.009</duration>
          <className>test.de.uni_hildesheim.sse.vil.templatelang.BasicTests</className>
          <testName>testLoop1</testName>
          <skipped>false</skipped>
          <failedSince>0</failedSince>
        </case>
        <case>
          <duration>0.008</duration>
          <className>test.de.uni_hildesheim.sse.vil.templatelang.BasicTests</className>
          <testName>testLoop2</testName>
          <skipped>false</skipped>
          <failedSince>0</failedSince>
        </case>
        <case>
          <duration>0.008</duration>
          <className>test.de.uni_hildesheim.sse.vil.templatelang.BasicTests</className>
          <testName>testLoop3</testName>
          <skipped>false</skipped>
          <failedSince>0</failedSince>
        </case>
        <case>
          <duration>0.008</duration>
          <className>test.de.uni_hildesheim.sse.vil.templatelang.BasicTests</className>
          <testName>testLoop4</testName>
          <skipped>false</skipped>
          <failedSince>0</failedSince>
        </case>
        <case>
          <duration>0.007</duration>
          <className>test.de.uni_hildesheim.sse.vil.templatelang.BasicTests</className>
          <testName>testAlternative1</testName>
          <skipped>false</skipped>
          <failedSince>0</failedSince>
        </case>
        <case>
          <duration>0.01</duration>
          <className>test.de.uni_hildesheim.sse.vil.templatelang.BasicTests</className>
          <testName>testAlternative2</testName>
          <skipped>false</skipped>
          <failedSince>0</failedSince>
        </case>
        <case>
          <duration>0.006</duration>
          <className>test.de.uni_hildesheim.sse.vil.templatelang.BasicTests</className>
          <testName>testAlternative3</testName>
          <skipped>false</skipped>
          <failedSince>0</failedSince>
        </case>
        <case>
          <duration>0.007</duration>
          <className>test.de.uni_hildesheim.sse.vil.templatelang.BasicTests</className>
          <testName>testAlternative4</testName>
          <skipped>false</skipped>
          <failedSince>0</failedSince>
        </case>
        <case>
          <duration>0.01</duration>
          <className>test.de.uni_hildesheim.sse.vil.templatelang.BasicTests</className>
          <testName>testAlternative5</testName>
          <skipped>false</skipped>
          <failedSince>0</failedSince>
        </case>
        <case>
          <duration>0.016</duration>
          <className>test.de.uni_hildesheim.sse.vil.templatelang.BasicTests</className>
          <testName>testAlternative6</testName>
          <skipped>false</skipped>
          <failedSince>0</failedSince>
        </case>
        <case>
          <duration>0.01</duration>
          <className>test.de.uni_hildesheim.sse.vil.templatelang.BasicTests</className>
          <testName>testAlternative7</testName>
          <skipped>false</skipped>
          <failedSince>0</failedSince>
        </case>
        <case>
          <duration>0.01</duration>
          <className>test.de.uni_hildesheim.sse.vil.templatelang.BasicTests</className>
          <testName>testAlternative8</testName>
          <skipped>false</skipped>
          <failedSince>0</failedSince>
        </case>
        <case>
          <duration>0.007</duration>
          <className>test.de.uni_hildesheim.sse.vil.templatelang.BasicTests</className>
          <testName>testAlternative9</testName>
          <skipped>false</skipped>
          <failedSince>0</failedSince>
        </case>
        <case>
          <duration>0.003</duration>
          <className>test.de.uni_hildesheim.sse.vil.templatelang.BasicTests</className>
          <testName>testTemplate</testName>
          <skipped>false</skipped>
          <failedSince>0</failedSince>
        </case>
        <case>
          <duration>0.01</duration>
          <className>test.de.uni_hildesheim.sse.vil.templatelang.BasicTests</className>
          <testName>testParameter2</testName>
          <skipped>false</skipped>
          <failedSince>0</failedSince>
        </case>
        <case>
          <duration>0.015</duration>
          <className>test.de.uni_hildesheim.sse.vil.templatelang.BasicTests</className>
          <testName>testParameter3</testName>
          <skipped>false</skipped>
          <failedSince>0</failedSince>
        </case>
        <case>
          <duration>0.172</duration>
          <className>test.de.uni_hildesheim.sse.vil.templatelang.BasicTests</className>
          <testName>testParameter4</testName>
          <skipped>false</skipped>
          <failedSince>0</failedSince>
        </case>
        <case>
          <duration>0.008</duration>
          <className>test.de.uni_hildesheim.sse.vil.templatelang.BasicTests</className>
          <testName>testVersion</testName>
          <skipped>false</skipped>
          <failedSince>0</failedSince>
        </case>
        <case>
          <duration>0.013</duration>
          <className>test.de.uni_hildesheim.sse.vil.templatelang.BasicTests</className>
          <testName>testTemplateCall</testName>
          <skipped>false</skipped>
          <failedSince>0</failedSince>
        </case>
        <case>
          <duration>0.011</duration>
          <className>test.de.uni_hildesheim.sse.vil.templatelang.BasicTests</className>
          <testName>testCompound</testName>
          <skipped>false</skipped>
          <failedSince>0</failedSince>
        </case>
        <case>
          <duration>0.004</duration>
          <className>test.de.uni_hildesheim.sse.vil.templatelang.BasicTests</className>
          <testName>testContent1</testName>
          <skipped>false</skipped>
          <failedSince>0</failedSince>
        </case>
        <case>
          <duration>0.019</duration>
          <className>test.de.uni_hildesheim.sse.vil.templatelang.BasicTests</className>
          <testName>testVariables</testName>
          <skipped>false</skipped>
          <failedSince>0</failedSince>
        </case>
        <case>
          <duration>0.025</duration>
          <className>test.de.uni_hildesheim.sse.vil.templatelang.BasicTests</className>
          <testName>testAttribute</testName>
          <skipped>false</skipped>
          <failedSince>0</failedSince>
        </case>
        <case>
          <duration>0.013</duration>
          <className>test.de.uni_hildesheim.sse.vil.templatelang.BasicTests</className>
          <testName>testWhileLoop1</testName>
          <skipped>false</skipped>
          <failedSince>0</failedSince>
        </case>
        <case>
          <duration>0.007</duration>
          <className>test.de.uni_hildesheim.sse.vil.templatelang.BasicTests</className>
          <testName>testWhileLoop2</testName>
          <skipped>false</skipped>
          <failedSince>0</failedSince>
        </case>
        <case>
          <duration>0.02</duration>
          <className>test.de.uni_hildesheim.sse.vil.templatelang.BasicTests</className>
          <testName>testVariables2</testName>
          <skipped>false</skipped>
          <failedSince>0</failedSince>
        </case>
        <case>
          <duration>0.016</duration>
          <className>test.de.uni_hildesheim.sse.vil.templatelang.BasicTests</className>
          <testName>testDerived</testName>
          <skipped>false</skipped>
          <failedSince>0</failedSince>
        </case>
        <case>
          <duration>0.018</duration>
          <className>test.de.uni_hildesheim.sse.vil.templatelang.BasicTests</className>
          <testName>testImport</testName>
          <skipped>false</skipped>
          <failedSince>0</failedSince>
        </case>
        <case>
          <duration>0.003</duration>
          <className>test.de.uni_hildesheim.sse.vil.templatelang.BasicTests</className>
          <testName>testImport1</testName>
          <skipped>false</skipped>
          <failedSince>0</failedSince>
        </case>
        <case>
          <duration>0.011</duration>
          <className>test.de.uni_hildesheim.sse.vil.templatelang.BasicTests</className>
          <testName>testDuplicatedDefFail</testName>
          <skipped>false</skipped>
          <failedSince>0</failedSince>
        </case>
        <case>
          <duration>0.007</duration>
          <className>test.de.uni_hildesheim.sse.vil.templatelang.BasicTests</className>
          <testName>testRecursion</testName>
          <skipped>false</skipped>
          <failedSince>0</failedSince>
        </case>
        <case>
          <duration>0.011</duration>
          <className>test.de.uni_hildesheim.sse.vil.templatelang.BasicTests</className>
          <testName>testCompoundFail1</testName>
          <skipped>false</skipped>
          <failedSince>0</failedSince>
        </case>
        <case>
          <duration>0.012</duration>
          <className>test.de.uni_hildesheim.sse.vil.templatelang.BasicTests</className>
          <testName>testCompoundFail2</testName>
          <skipped>false</skipped>
          <failedSince>0</failedSince>
        </case>
        <case>
          <duration>0.015</duration>
          <className>test.de.uni_hildesheim.sse.vil.templatelang.BasicTests</className>
          <testName>testSwitch1</testName>
          <skipped>false</skipped>
          <failedSince>0</failedSince>
        </case>
        <case>
          <duration>0.015</duration>
          <className>test.de.uni_hildesheim.sse.vil.templatelang.BasicTests</className>
          <testName>testSwitch2</testName>
          <skipped>false</skipped>
          <failedSince>0</failedSince>
        </case>
        <case>
          <duration>0.012</duration>
          <className>test.de.uni_hildesheim.sse.vil.templatelang.BasicTests</className>
          <testName>testSwitch3</testName>
          <skipped>false</skipped>
          <failedSince>0</failedSince>
        </case>
        <case>
          <duration>0.027</duration>
          <className>test.de.uni_hildesheim.sse.vil.templatelang.BasicTests</className>
          <testName>testSwitch4</testName>
          <skipped>false</skipped>
          <failedSince>0</failedSince>
        </case>
        <case>
          <duration>0.021</duration>
          <className>test.de.uni_hildesheim.sse.vil.templatelang.BasicTests</className>
          <testName>testSwitch5</testName>
          <skipped>false</skipped>
          <failedSince>0</failedSince>
        </case>
        <case>
          <duration>0.016</duration>
          <className>test.de.uni_hildesheim.sse.vil.templatelang.BasicTests</className>
          <testName>testSwitch6</testName>
          <skipped>false</skipped>
          <failedSince>0</failedSince>
        </case>
        <case>
          <duration>0.09</duration>
          <className>test.de.uni_hildesheim.sse.vil.templatelang.ExecutionTests</className>
          <testName>testJavaExtension</testName>
          <skipped>false</skipped>
          <failedSince>0</failedSince>
        </case>
        <case>
          <duration>0.028</duration>
          <className>test.de.uni_hildesheim.sse.vil.templatelang.ExecutionTests</className>
          <testName>testBoolean2</testName>
          <skipped>false</skipped>
          <failedSince>0</failedSince>
        </case>
        <case>
          <duration>0.164</duration>
          <className>test.de.uni_hildesheim.sse.vil.templatelang.ExecutionTests</className>
          <testName>testAdvice1</testName>
          <skipped>false</skipped>
          <failedSince>0</failedSince>
        </case>
        <case>
          <duration>0.061</duration>
          <className>test.de.uni_hildesheim.sse.vil.templatelang.ExecutionTests</className>
          <testName>testAdvice2</testName>
          <skipped>false</skipped>
          <failedSince>0</failedSince>
        </case>
        <case>
          <duration>0.022</duration>
          <className>test.de.uni_hildesheim.sse.vil.templatelang.ExecutionTests</className>
          <testName>testAdvice3</testName>
          <skipped>false</skipped>
          <failedSince>0</failedSince>
        </case>
        <case>
          <duration>0.049</duration>
          <className>test.de.uni_hildesheim.sse.vil.templatelang.ExecutionTests</className>
          <testName>testAdvice4</testName>
          <skipped>false</skipped>
          <failedSince>0</failedSince>
        </case>
        <case>
          <duration>0.041</duration>
          <className>test.de.uni_hildesheim.sse.vil.templatelang.ExecutionTests</className>
          <testName>testAdvice5</testName>
          <skipped>false</skipped>
          <failedSince>0</failedSince>
        </case>
        <case>
          <duration>0.088</duration>
          <className>test.de.uni_hildesheim.sse.vil.templatelang.ExecutionTests</className>
          <testName>testAdvice6</testName>
          <skipped>false</skipped>
          <failedSince>0</failedSince>
        </case>
        <case>
          <duration>0.047</duration>
          <className>test.de.uni_hildesheim.sse.vil.templatelang.ExecutionTests</className>
          <testName>testAdvice7</testName>
          <skipped>false</skipped>
          <failedSince>0</failedSince>
        </case>
        <case>
          <duration>0.035</duration>
          <className>test.de.uni_hildesheim.sse.vil.templatelang.ExecutionTests</className>
          <testName>testAdvice8</testName>
          <skipped>false</skipped>
          <failedSince>0</failedSince>
        </case>
        <case>
          <duration>0.011</duration>
          <className>test.de.uni_hildesheim.sse.vil.templatelang.ExecutionTests</className>
          <testName>testDef</testName>
          <skipped>false</skipped>
          <failedSince>0</failedSince>
        </case>
        <case>
          <duration>0.061</duration>
          <className>test.de.uni_hildesheim.sse.vil.templatelang.ExecutionTests</className>
          <testName>testQm0</testName>
          <skipped>false</skipped>
          <failedSince>0</failedSince>
        </case>
        <case>
          <duration>0.151</duration>
          <className>test.de.uni_hildesheim.sse.vil.templatelang.ExecutionTests</className>
          <testName>testQm1</testName>
          <skipped>false</skipped>
          <failedSince>0</failedSince>
        </case>
        <case>
          <duration>0.067</duration>
          <className>test.de.uni_hildesheim.sse.vil.templatelang.ExecutionTests</className>
          <testName>testQm2</testName>
          <skipped>false</skipped>
          <failedSince>0</failedSince>
        </case>
        <case>
          <duration>0.095</duration>
          <className>test.de.uni_hildesheim.sse.vil.templatelang.ExecutionTests</className>
          <testName>testQm3</testName>
          <skipped>false</skipped>
          <failedSince>0</failedSince>
        </case>
        <case>
          <duration>0.092</duration>
          <className>test.de.uni_hildesheim.sse.vil.templatelang.ExecutionTests</className>
          <testName>testQm4</testName>
          <skipped>false</skipped>
          <failedSince>0</failedSince>
        </case>
        <case>
          <duration>0.33</duration>
          <className>test.de.uni_hildesheim.sse.vil.templatelang.ExecutionTests</className>
          <testName>testQm5</testName>
          <skipped>false</skipped>
          <failedSince>0</failedSince>
        </case>
        <case>
          <duration>0.124</duration>
          <className>test.de.uni_hildesheim.sse.vil.templatelang.ExecutionTests</className>
          <testName>testQm6</testName>
          <skipped>false</skipped>
          <failedSince>0</failedSince>
        </case>
        <case>
          <duration>0.235</duration>
          <className>test.de.uni_hildesheim.sse.vil.templatelang.ExecutionTests</className>
          <testName>testQm7</testName>
          <skipped>false</skipped>
          <failedSince>0</failedSince>
        </case>
        <case>
          <duration>0.081</duration>
          <className>test.de.uni_hildesheim.sse.vil.templatelang.ExecutionTests</className>
          <testName>testQm8</testName>
          <skipped>false</skipped>
          <failedSince>0</failedSince>
        </case>
        <case>
          <duration>0.04</duration>
          <className>test.de.uni_hildesheim.sse.vil.templatelang.ExecutionTests</className>
          <testName>testQm9</testName>
          <skipped>false</skipped>
          <failedSince>0</failedSince>
        </case>
        <case>
          <duration>0.074</duration>
          <className>test.de.uni_hildesheim.sse.vil.templatelang.ExecutionTests</className>
          <testName>testSet</testName>
          <skipped>false</skipped>
          <failedSince>0</failedSince>
        </case>
        <case>
          <duration>0.044</duration>
          <className>test.de.uni_hildesheim.sse.vil.templatelang.ExecutionTests</className>
          <testName>testIterator2</testName>
          <skipped>false</skipped>
          <failedSince>0</failedSince>
        </case>
        <case>
          <duration>0.028</duration>
          <className>test.de.uni_hildesheim.sse.vil.templatelang.ExecutionTests</className>
          <testName>testIterator3</testName>
          <skipped>false</skipped>
          <failedSince>0</failedSince>
        </case>
        <case>
          <duration>0.029</duration>
          <className>test.de.uni_hildesheim.sse.vil.templatelang.ExecutionTests</className>
          <testName>testApply</testName>
          <skipped>false</skipped>
          <failedSince>0</failedSince>
        </case>
        <case>
          <duration>0.035</duration>
          <className>test.de.uni_hildesheim.sse.vil.templatelang.ExecutionTests</className>
          <testName>testCast1</testName>
          <skipped>false</skipped>
          <failedSince>0</failedSince>
        </case>
        <case>
          <duration>0.006</duration>
          <className>test.de.uni_hildesheim.sse.vil.templatelang.ExecutionTests</className>
          <testName>testFlush</testName>
          <skipped>false</skipped>
          <failedSince>0</failedSince>
        </case>
        <case>
          <duration>0.043</duration>
          <className>test.de.uni_hildesheim.sse.vil.templatelang.ExecutionTests</className>
          <testName>testIvml1</testName>
          <skipped>false</skipped>
          <failedSince>0</failedSince>
        </case>
        <case>
          <duration>0.012</duration>
          <className>test.de.uni_hildesheim.sse.vil.templatelang.ExecutionTests</className>
          <testName>testIvml2</testName>
          <skipped>false</skipped>
          <failedSince>0</failedSince>
        </case>
        <case>
          <duration>0.025</duration>
          <className>test.de.uni_hildesheim.sse.vil.templatelang.ExecutionTests</className>
          <testName>testIvml3</testName>
          <skipped>false</skipped>
          <failedSince>0</failedSince>
        </case>
        <case>
          <duration>0.013</duration>
          <className>test.de.uni_hildesheim.sse.vil.templatelang.ExecutionTests</className>
          <testName>testIvml4</testName>
          <skipped>false</skipped>
          <failedSince>0</failedSince>
        </case>
        <case>
          <duration>0.014</duration>
          <className>test.de.uni_hildesheim.sse.vil.templatelang.ExecutionTests</className>
          <testName>testIvml5</testName>
          <skipped>false</skipped>
          <failedSince>0</failedSince>
        </case>
        <case>
          <duration>0.029</duration>
          <className>test.de.uni_hildesheim.sse.vil.templatelang.ExecutionTests</className>
          <testName>testIvml6</testName>
          <skipped>false</skipped>
          <failedSince>0</failedSince>
        </case>
        <case>
          <duration>0.01</duration>
          <className>test.de.uni_hildesheim.sse.vil.templatelang.ExecutionTests</className>
          <testName>testLoop1</testName>
          <skipped>false</skipped>
          <failedSince>0</failedSince>
        </case>
        <case>
          <duration>0.008</duration>
          <className>test.de.uni_hildesheim.sse.vil.templatelang.ExecutionTests</className>
          <testName>testLoop2</testName>
          <skipped>false</skipped>
          <failedSince>0</failedSince>
        </case>
        <case>
          <duration>0.009</duration>
          <className>test.de.uni_hildesheim.sse.vil.templatelang.ExecutionTests</className>
          <testName>testLoop3</testName>
          <skipped>false</skipped>
          <failedSince>0</failedSince>
        </case>
        <case>
          <duration>0.012</duration>
          <className>test.de.uni_hildesheim.sse.vil.templatelang.ExecutionTests</className>
          <testName>testLoop4</testName>
          <skipped>false</skipped>
          <failedSince>0</failedSince>
        </case>
        <case>
          <duration>0.025</duration>
          <className>test.de.uni_hildesheim.sse.vil.templatelang.ExecutionTests</className>
          <testName>testNull1</testName>
          <skipped>false</skipped>
          <failedSince>0</failedSince>
        </case>
        <case>
          <duration>0.015</duration>
          <className>test.de.uni_hildesheim.sse.vil.templatelang.ExecutionTests</className>
          <testName>testQm0o1</testName>
          <skipped>false</skipped>
          <failedSince>0</failedSince>
        </case>
        <case>
          <duration>0.034</duration>
          <className>test.de.uni_hildesheim.sse.vil.templatelang.ExecutionTests</className>
          <testName>testQm1o1</testName>
          <skipped>false</skipped>
          <failedSince>0</failedSince>
        </case>
        <case>
          <duration>0.031</duration>
          <className>test.de.uni_hildesheim.sse.vil.templatelang.ExecutionTests</className>
          <testName>testQm1o2</testName>
          <skipped>false</skipped>
          <failedSince>0</failedSince>
        </case>
        <case>
          <duration>0.027</duration>
          <className>test.de.uni_hildesheim.sse.vil.templatelang.ExecutionTests</className>
          <testName>testQm1o3</testName>
          <skipped>false</skipped>
          <failedSince>0</failedSince>
        </case>
        <case>
          <duration>0.052</duration>
          <className>test.de.uni_hildesheim.sse.vil.templatelang.ExecutionTests</className>
          <testName>testQm1o4</testName>
          <skipped>false</skipped>
          <failedSince>0</failedSince>
        </case>
        <case>
          <duration>0.193</duration>
          <className>test.de.uni_hildesheim.sse.vil.templatelang.ExecutionTests</className>
          <testName>testQm1o5</testName>
          <skipped>false</skipped>
          <failedSince>0</failedSince>
        </case>
        <case>
          <duration>0.036</duration>
          <className>test.de.uni_hildesheim.sse.vil.templatelang.ExecutionTests</className>
          <testName>testQm2o1</testName>
          <skipped>false</skipped>
          <failedSince>0</failedSince>
        </case>
        <case>
          <duration>0.04</duration>
          <className>test.de.uni_hildesheim.sse.vil.templatelang.ExecutionTests</className>
          <testName>testQm7o1</testName>
          <skipped>false</skipped>
          <failedSince>0</failedSince>
        </case>
        <case>
          <duration>0.036</duration>
          <className>test.de.uni_hildesheim.sse.vil.templatelang.ExecutionTests</className>
          <testName>testSort2</testName>
          <skipped>false</skipped>
          <failedSince>0</failedSince>
        </case>
        <case>
          <duration>0.05</duration>
          <className>test.de.uni_hildesheim.sse.vil.templatelang.ExecutionTests</className>
          <testName>testDef2</testName>
          <skipped>false</skipped>
          <failedSince>0</failedSince>
        </case>
        <case>
          <duration>0.103</duration>
          <className>test.de.uni_hildesheim.sse.vil.templatelang.ExecutionTests</className>
          <testName>testDef4</testName>
          <skipped>false</skipped>
          <failedSince>0</failedSince>
        </case>
        <case>
          <duration>0.021</duration>
          <className>test.de.uni_hildesheim.sse.vil.templatelang.ExecutionTests</className>
          <testName>testDef5</testName>
          <skipped>false</skipped>
          <failedSince>0</failedSince>
        </case>
        <case>
          <duration>0.032</duration>
          <className>test.de.uni_hildesheim.sse.vil.templatelang.ExecutionTests</className>
          <testName>testMaps</testName>
          <skipped>false</skipped>
          <failedSince>0</failedSince>
        </case>
        <case>
          <duration>0.02</duration>
          <className>test.de.uni_hildesheim.sse.vil.templatelang.ExecutionTests</className>
          <testName>testNull</testName>
          <skipped>false</skipped>
          <failedSince>0</failedSince>
        </case>
        <case>
          <duration>0.058</duration>
          <className>test.de.uni_hildesheim.sse.vil.templatelang.ExecutionTests</className>
          <testName>testQm10</testName>
          <skipped>false</skipped>
          <failedSince>0</failedSince>
        </case>
        <case>
          <duration>0.014</duration>
          <className>test.de.uni_hildesheim.sse.vil.templatelang.ExecutionTests</className>
          <testName>testSort</testName>
          <skipped>false</skipped>
          <failedSince>0</failedSince>
        </case>
        <case>
          <duration>0.008</duration>
          <className>test.de.uni_hildesheim.sse.vil.templatelang.ExecutionTests</className>
          <testName>testAlternative1</testName>
          <skipped>false</skipped>
          <failedSince>0</failedSince>
        </case>
        <case>
          <duration>0.012</duration>
          <className>test.de.uni_hildesheim.sse.vil.templatelang.ExecutionTests</className>
          <testName>testAlternative2</testName>
          <skipped>false</skipped>
          <failedSince>0</failedSince>
        </case>
        <case>
          <duration>0.013</duration>
          <className>test.de.uni_hildesheim.sse.vil.templatelang.ExecutionTests</className>
          <testName>testAlternative3</testName>
          <skipped>false</skipped>
          <failedSince>0</failedSince>
        </case>
        <case>
          <duration>0.01</duration>
          <className>test.de.uni_hildesheim.sse.vil.templatelang.ExecutionTests</className>
          <testName>testAlternative4</testName>
          <skipped>false</skipped>
          <failedSince>0</failedSince>
        </case>
        <case>
          <duration>0.033</duration>
          <className>test.de.uni_hildesheim.sse.vil.templatelang.ExecutionTests</className>
          <testName>testAlternative5</testName>
          <skipped>false</skipped>
          <failedSince>0</failedSince>
        </case>
        <case>
          <duration>0.026</duration>
          <className>test.de.uni_hildesheim.sse.vil.templatelang.ExecutionTests</className>
          <testName>testAlternative6</testName>
          <skipped>false</skipped>
          <failedSince>0</failedSince>
        </case>
        <case>
          <duration>0.046</duration>
          <className>test.de.uni_hildesheim.sse.vil.templatelang.ExecutionTests</className>
          <testName>testCompound1</testName>
          <skipped>false</skipped>
          <failedSince>0</failedSince>
        </case>
        <case>
          <duration>0.036</duration>
          <className>test.de.uni_hildesheim.sse.vil.templatelang.ExecutionTests</className>
          <testName>testCompound2</testName>
          <skipped>false</skipped>
          <failedSince>0</failedSince>
        </case>
        <case>
          <duration>0.022</duration>
          <className>test.de.uni_hildesheim.sse.vil.templatelang.ExecutionTests</className>
          <testName>testReferences1</testName>
          <skipped>false</skipped>
          <failedSince>0</failedSince>
        </case>
        <case>
          <duration>0.042</duration>
          <className>test.de.uni_hildesheim.sse.vil.templatelang.ExecutionTests</className>
          <testName>testReferences2</testName>
          <skipped>false</skipped>
          <failedSince>0</failedSince>
        </case>
        <case>
          <duration>0.03</duration>
          <className>test.de.uni_hildesheim.sse.vil.templatelang.ExecutionTests</className>
          <testName>testReferences3</testName>
          <skipped>false</skipped>
          <failedSince>0</failedSince>
        </case>
        <case>
          <duration>0.05</duration>
          <className>test.de.uni_hildesheim.sse.vil.templatelang.ExecutionTests</className>
          <testName>testReferences4</testName>
          <skipped>false</skipped>
          <failedSince>0</failedSince>
        </case>
        <case>
          <duration>0.049</duration>
          <className>test.de.uni_hildesheim.sse.vil.templatelang.ExecutionTests</className>
          <testName>testReferences5</testName>
          <skipped>false</skipped>
          <failedSince>0</failedSince>
        </case>
        <case>
          <duration>0.018</duration>
          <className>test.de.uni_hildesheim.sse.vil.templatelang.ExecutionTests</className>
          <testName>testApply4Fail</testName>
          <skipped>false</skipped>
          <failedSince>0</failedSince>
        </case>
        <case>
          <duration>0.018</duration>
          <className>test.de.uni_hildesheim.sse.vil.templatelang.ExecutionTests</className>
          <testName>testSequence1</testName>
          <skipped>false</skipped>
          <failedSince>0</failedSince>
        </case>
        <case>
          <duration>0.051</duration>
          <className>test.de.uni_hildesheim.sse.vil.templatelang.ExecutionTests</className>
          <testName>testSequence2</testName>
          <skipped>false</skipped>
          <failedSince>0</failedSince>
        </case>
        <case>
          <duration>0.013</duration>
          <className>test.de.uni_hildesheim.sse.vil.templatelang.ExecutionTests</className>
          <testName>testSequence3</testName>
          <skipped>false</skipped>
          <failedSince>0</failedSince>
        </case>
        <case>
          <duration>0.014</duration>
          <className>test.de.uni_hildesheim.sse.vil.templatelang.ExecutionTests</className>
          <testName>testBoolean</testName>
          <skipped>false</skipped>
          <failedSince>0</failedSince>
        </case>
        <case>
          <duration>0.009</duration>
          <className>test.de.uni_hildesheim.sse.vil.templatelang.ExecutionTests</className>
          <testName>testLineEnd</testName>
          <skipped>false</skipped>
          <failedSince>0</failedSince>
        </case>
        <case>
          <duration>0.02</duration>
          <className>test.de.uni_hildesheim.sse.vil.templatelang.ExecutionTests</className>
          <testName>testMapSequence</testName>
          <skipped>false</skipped>
          <failedSince>0</failedSince>
        </case>
        <case>
          <duration>0.074</duration>
          <className>test.de.uni_hildesheim.sse.vil.templatelang.ExecutionTests</className>
          <testName>testCollect1</testName>
          <skipped>false</skipped>
          <failedSince>0</failedSince>
        </case>
        <case>
          <duration>0.028</duration>
          <className>test.de.uni_hildesheim.sse.vil.templatelang.ExecutionTests</className>
          <testName>testCollect2</testName>
          <skipped>false</skipped>
          <failedSince>0</failedSince>
        </case>
        <case>
          <duration>0.02</duration>
          <className>test.de.uni_hildesheim.sse.vil.templatelang.ExecutionTests</className>
          <testName>testCollect3</testName>
          <skipped>false</skipped>
          <failedSince>0</failedSince>
        </case>
        <case>
          <duration>0.027</duration>
          <className>test.de.uni_hildesheim.sse.vil.templatelang.ExecutionTests</className>
          <testName>testCompound</testName>
          <skipped>false</skipped>
          <failedSince>0</failedSince>
        </case>
        <case>
          <duration>0.017</duration>
          <className>test.de.uni_hildesheim.sse.vil.templatelang.ExecutionTests</className>
          <testName>testJavaPath</testName>
          <skipped>false</skipped>
          <failedSince>0</failedSince>
        </case>
        <case>
          <duration>0.005</duration>
          <className>test.de.uni_hildesheim.sse.vil.templatelang.ExecutionTests</className>
          <testName>testContent1</testName>
          <skipped>false</skipped>
          <failedSince>0</failedSince>
        </case>
        <case>
          <duration>0.009</duration>
          <className>test.de.uni_hildesheim.sse.vil.templatelang.ExecutionTests</className>
          <testName>testContent2</testName>
          <skipped>false</skipped>
          <failedSince>0</failedSince>
        </case>
        <case>
          <duration>0.015</duration>
          <className>test.de.uni_hildesheim.sse.vil.templatelang.ExecutionTests</className>
          <testName>testContent3</testName>
          <skipped>false</skipped>
          <failedSince>0</failedSince>
        </case>
        <case>
          <duration>0.009</duration>
          <className>test.de.uni_hildesheim.sse.vil.templatelang.ExecutionTests</className>
          <testName>testContent4</testName>
          <skipped>false</skipped>
          <failedSince>0</failedSince>
        </case>
        <case>
          <duration>0.013</duration>
          <className>test.de.uni_hildesheim.sse.vil.templatelang.ExecutionTests</className>
          <testName>testContent5</testName>
          <skipped>false</skipped>
          <failedSince>0</failedSince>
        </case>
        <case>
          <duration>0.006</duration>
          <className>test.de.uni_hildesheim.sse.vil.templatelang.ExecutionTests</className>
          <testName>testContent6</testName>
          <skipped>false</skipped>
          <failedSince>0</failedSince>
        </case>
        <case>
          <duration>0.008</duration>
          <className>test.de.uni_hildesheim.sse.vil.templatelang.ExecutionTests</className>
          <testName>testContent7</testName>
          <skipped>false</skipped>
          <failedSince>0</failedSince>
        </case>
        <case>
          <duration>0.004</duration>
          <className>test.de.uni_hildesheim.sse.vil.templatelang.ExecutionTests</className>
          <testName>testContent8</testName>
          <skipped>false</skipped>
          <failedSince>0</failedSince>
        </case>
        <case>
          <duration>0.009</duration>
          <className>test.de.uni_hildesheim.sse.vil.templatelang.ExecutionTests</className>
          <testName>testContent9</testName>
          <skipped>false</skipped>
          <failedSince>0</failedSince>
        </case>
        <case>
          <duration>0.015</duration>
          <className>test.de.uni_hildesheim.sse.vil.templatelang.ExecutionTests</className>
          <testName>testContent10</testName>
          <skipped>false</skipped>
          <failedSince>0</failedSince>
        </case>
        <case>
          <duration>0.011</duration>
          <className>test.de.uni_hildesheim.sse.vil.templatelang.ExecutionTests</className>
          <testName>testContent11</testName>
          <skipped>false</skipped>
          <failedSince>0</failedSince>
        </case>
        <case>
          <duration>0.009</duration>
          <className>test.de.uni_hildesheim.sse.vil.templatelang.ExecutionTests</className>
          <testName>testContent12</testName>
          <skipped>false</skipped>
          <failedSince>0</failedSince>
        </case>
        <case>
          <duration>0.016</duration>
          <className>test.de.uni_hildesheim.sse.vil.templatelang.ExecutionTests</className>
          <testName>testContent13</testName>
          <skipped>false</skipped>
          <failedSince>0</failedSince>
        </case>
        <case>
          <duration>0.013</duration>
          <className>test.de.uni_hildesheim.sse.vil.templatelang.ExecutionTests</className>
          <testName>testContent14</testName>
          <skipped>false</skipped>
          <failedSince>0</failedSince>
        </case>
        <case>
          <duration>0.048</duration>
          <className>test.de.uni_hildesheim.sse.vil.templatelang.ExecutionTests</className>
          <testName>testContent15</testName>
          <skipped>false</skipped>
          <failedSince>0</failedSince>
        </case>
        <case>
          <duration>0.02</duration>
          <className>test.de.uni_hildesheim.sse.vil.templatelang.ExecutionTests</className>
          <testName>testContent16</testName>
          <skipped>false</skipped>
          <failedSince>0</failedSince>
        </case>
        <case>
          <duration>0.033</duration>
          <className>test.de.uni_hildesheim.sse.vil.templatelang.ExecutionTests</className>
          <testName>testContent17</testName>
          <skipped>false</skipped>
          <failedSince>0</failedSince>
        </case>
        <case>
          <duration>0.021</duration>
          <className>test.de.uni_hildesheim.sse.vil.templatelang.ExecutionTests</className>
          <testName>testContent18</testName>
          <skipped>false</skipped>
          <failedSince>0</failedSince>
        </case>
        <case>
          <duration>0.026</duration>
          <className>test.de.uni_hildesheim.sse.vil.templatelang.ExecutionTests</className>
          <testName>testContent19</testName>
          <skipped>false</skipped>
          <failedSince>0</failedSince>
        </case>
        <case>
          <duration>0.035</duration>
          <className>test.de.uni_hildesheim.sse.vil.templatelang.ExecutionTests</className>
          <testName>testDispatch3o1</testName>
          <skipped>false</skipped>
          <failedSince>0</failedSince>
        </case>
        <case>
          <duration>0.014</duration>
          <className>test.de.uni_hildesheim.sse.vil.templatelang.ExecutionTests</className>
          <testName>testVariables</testName>
          <skipped>false</skipped>
          <failedSince>0</failedSince>
        </case>
        <case>
          <duration>0.011</duration>
          <className>test.de.uni_hildesheim.sse.vil.templatelang.ExecutionTests</className>
          <testName>testReturn1</testName>
          <skipped>false</skipped>
          <failedSince>0</failedSince>
        </case>
        <case>
          <duration>0.045</duration>
          <className>test.de.uni_hildesheim.sse.vil.templatelang.ExecutionTests</className>
          <testName>testDispatch1</testName>
          <skipped>false</skipped>
          <failedSince>0</failedSince>
        </case>
        <case>
          <duration>0.027</duration>
          <className>test.de.uni_hildesheim.sse.vil.templatelang.ExecutionTests</className>
          <testName>testDispatch2</testName>
          <skipped>false</skipped>
          <failedSince>0</failedSince>
        </case>
        <case>
          <duration>0.034</duration>
          <className>test.de.uni_hildesheim.sse.vil.templatelang.ExecutionTests</className>
          <testName>testDispatch3</testName>
          <skipped>false</skipped>
          <failedSince>0</failedSince>
        </case>
        <case>
          <duration>0.029</duration>
          <className>test.de.uni_hildesheim.sse.vil.templatelang.ExecutionTests</className>
          <testName>testDispatch4</testName>
          <skipped>false</skipped>
          <failedSince>0</failedSince>
        </case>
        <case>
          <duration>0.036</duration>
          <className>test.de.uni_hildesheim.sse.vil.templatelang.ExecutionTests</className>
          <testName>testDispatch5</testName>
          <skipped>false</skipped>
          <failedSince>0</failedSince>
        </case>
        <case>
          <duration>0.015</duration>
          <className>test.de.uni_hildesheim.sse.vil.templatelang.ExecutionTests</className>
          <testName>testDispatch6</testName>
          <skipped>false</skipped>
          <failedSince>0</failedSince>
        </case>
        <case>
          <duration>0.025</duration>
          <className>test.de.uni_hildesheim.sse.vil.templatelang.ExecutionTests</className>
          <testName>testDispatch7</testName>
          <skipped>false</skipped>
          <failedSince>0</failedSince>
        </case>
        <case>
          <duration>0.066</duration>
          <className>test.de.uni_hildesheim.sse.vil.templatelang.ExecutionTests</className>
          <testName>testDispatch8</testName>
          <skipped>false</skipped>
          <failedSince>0</failedSince>
        </case>
        <case>
          <duration>0.017</duration>
          <className>test.de.uni_hildesheim.sse.vil.templatelang.ExecutionTests</className>
          <testName>testWhileLoop1</testName>
          <skipped>false</skipped>
          <failedSince>0</failedSince>
        </case>
        <case>
          <duration>0.011</duration>
          <className>test.de.uni_hildesheim.sse.vil.templatelang.ExecutionTests</className>
          <testName>testWhileLoop2</testName>
          <skipped>false</skipped>
          <failedSince>0</failedSince>
        </case>
        <case>
          <duration>0.009</duration>
          <className>test.de.uni_hildesheim.sse.vil.templatelang.ExecutionTests</className>
          <testName>testDerived</testName>
          <skipped>false</skipped>
          <failedSince>0</failedSince>
        </case>
        <case>
          <duration>0.075</duration>
          <className>test.de.uni_hildesheim.sse.vil.templatelang.ExecutionTests</className>
          <testName>testApply2</testName>
          <skipped>false</skipped>
          <failedSince>0</failedSince>
        </case>
        <case>
          <duration>0.013</duration>
          <className>test.de.uni_hildesheim.sse.vil.templatelang.ExecutionTests</className>
          <testName>testApply3</testName>
          <skipped>false</skipped>
          <failedSince>0</failedSince>
        </case>
        <case>
          <duration>0.021</duration>
          <className>test.de.uni_hildesheim.sse.vil.templatelang.ExecutionTests</className>
          <testName>testApply4</testName>
          <skipped>false</skipped>
          <failedSince>0</failedSince>
        </case>
        <case>
          <duration>0.018</duration>
          <className>test.de.uni_hildesheim.sse.vil.templatelang.ExecutionTests</className>
          <testName>testApply5</testName>
          <skipped>false</skipped>
          <failedSince>0</failedSince>
        </case>
        <case>
          <duration>0.027</duration>
          <className>test.de.uni_hildesheim.sse.vil.templatelang.ExecutionTests</className>
          <testName>testAdviceUnknown</testName>
          <skipped>false</skipped>
          <failedSince>0</failedSince>
        </case>
        <case>
          <duration>0.085</duration>
          <className>test.de.uni_hildesheim.sse.vil.templatelang.ExecutionTests</className>
          <testName>testFormat</testName>
          <skipped>false</skipped>
          <failedSince>0</failedSince>
        </case>
        <case>
          <duration>0.018</duration>
          <className>test.de.uni_hildesheim.sse.vil.templatelang.ExecutionTests</className>
          <testName>testImport</testName>
          <skipped>false</skipped>
          <failedSince>0</failedSince>
        </case>
        <case>
          <duration>0.015</duration>
          <className>test.de.uni_hildesheim.sse.vil.templatelang.ExecutionTests</className>
          <testName>testReplacement1</testName>
          <skipped>false</skipped>
          <failedSince>0</failedSince>
        </case>
        <case>
          <duration>0.011</duration>
          <className>test.de.uni_hildesheim.sse.vil.templatelang.ExecutionTests</className>
          <testName>testImport2</testName>
          <skipped>false</skipped>
          <failedSince>0</failedSince>
        </case>
        <case>
          <duration>0.017</duration>
          <className>test.de.uni_hildesheim.sse.vil.templatelang.ExecutionTests</className>
          <testName>testIsValid</testName>
          <skipped>false</skipped>
          <failedSince>0</failedSince>
        </case>
        <case>
          <duration>0.015</duration>
          <className>test.de.uni_hildesheim.sse.vil.templatelang.ExecutionTests</className>
          <testName>testRandom</testName>
          <skipped>false</skipped>
          <failedSince>0</failedSince>
        </case>
        <case>
          <duration>0.006</duration>
          <className>test.de.uni_hildesheim.sse.vil.templatelang.ExecutionTests</className>
          <testName>testSimple</testName>
          <skipped>false</skipped>
          <failedSince>0</failedSince>
        </case>
        <case>
          <duration>0.06</duration>
          <className>test.de.uni_hildesheim.sse.vil.templatelang.ExecutionTests</className>
          <testName>testTypes1</testName>
          <skipped>false</skipped>
          <failedSince>0</failedSince>
        </case>
        <case>
          <duration>0.018</duration>
          <className>test.de.uni_hildesheim.sse.vil.templatelang.ExecutionTests</className>
          <testName>testTypes2</testName>
          <skipped>false</skipped>
          <failedSince>0</failedSince>
        </case>
        <case>
          <duration>0.012</duration>
          <className>test.de.uni_hildesheim.sse.vil.templatelang.ExecutionTests</className>
          <testName>testLineEnd2</testName>
          <skipped>false</skipped>
          <failedSince>0</failedSince>
        </case>
        <case>
          <duration>0.083</duration>
          <className>test.de.uni_hildesheim.sse.vil.templatelang.ExecutionTests</className>
          <testName>testString1</testName>
          <skipped>false</skipped>
          <failedSince>0</failedSince>
        </case>
        <case>
          <duration>0.013</duration>
          <className>test.de.uni_hildesheim.sse.vil.templatelang.ExecutionTests</className>
          <testName>testSequence</testName>
          <skipped>false</skipped>
          <failedSince>0</failedSince>
        </case>
        <case>
          <duration>0.011</duration>
          <className>test.de.uni_hildesheim.sse.vil.templatelang.ExecutionTests</className>
          <testName>testSwitch1</testName>
          <skipped>false</skipped>
          <failedSince>0</failedSince>
        </case>
        <case>
          <duration>0.009</duration>
          <className>test.de.uni_hildesheim.sse.vil.templatelang.ExecutionTests</className>
          <testName>testSwitch2</testName>
          <skipped>false</skipped>
          <failedSince>0</failedSince>
        </case>
        <case>
          <duration>0.038</duration>
          <className>test.de.uni_hildesheim.sse.vil.templatelang.ExecutionTests</className>
          <testName>testSwitch3</testName>
          <skipped>false</skipped>
          <failedSince>0</failedSince>
        </case>
        <case>
          <duration>0.735</duration>
          <className>test.de.uni_hildesheim.sse.vil.templatelang.XmlExecutionTests</className>
          <testName>testCommentContents2</testName>
          <skipped>false</skipped>
          <failedSince>0</failedSince>
        </case>
        <case>
          <duration>0.306</duration>
          <className>test.de.uni_hildesheim.sse.vil.templatelang.XmlExecutionTests</className>
          <testName>testElementContents</testName>
          <skipped>false</skipped>
          <failedSince>0</failedSince>
        </case>
        <case>
          <duration>0.239</duration>
          <className>test.de.uni_hildesheim.sse.vil.templatelang.XmlExecutionTests</className>
          <testName>testCommentContents</testName>
          <skipped>false</skipped>
          <failedSince>0</failedSince>
        </case>
      </cases>
    </suite>
    <suite>
      <file>/var/lib/jenkins/workspace/EASy_Instantiation/junitResults/test.uni_hildesheim.sse.easy.instantiator.velocity.tests.AllTests.xml</file>
      <name>test.uni_hildesheim.sse.easy.instantiator.velocity.tests.AllTests</name>
      <stdout></stdout>
      <stderr></stderr>
      <duration>5.624</duration>
      <timestamp>2019-08-01T07:34:04</timestamp>
      <id>0</id>
      <time>5.624</time>
      <enclosingBlocks/>
      <enclosingBlockNames/>
      <cases>
        <case>
          <duration>1.113</duration>
          <className>test.uni_hildesheim.sse.easy.instantiator.velocity.tests.ExecutionTests</className>
          <testName>testVelocity</testName>
          <skipped>false</skipped>
          <failedSince>0</failedSince>
        </case>
      </cases>
    </suite>
  </suites>
  <duration>92.01501</duration>
  <keepLongStdio>false</keepLongStdio>
</result>